22:21:51.754 | INFO | ============================================================
22:21:51.758 | INFO | ============================================================
22:21:51.758 | INFO | Mode: UNLIMITED Leverage
22:21:51.758 | INFO | Risk: 2.0% per trade
22:21:51.759 | INFO | VOMS: SL=10.0 pips | TP=20.0 pips
22:21:51.759 | INFO | ============================================================
22:21:55.807 | INFO | MT5 Connected | Account: 269812493 | Balance: $20.00 | Leverage: 1:2000000000
22:21:55.808 | ERROR | Insufficient historical data
22:45:45.925 | WARNING | ⚠️ LIVE TRADING MODE - Use at your own risk!
22:45:45.925 | INFO | ============================================================
22:45:45.925 | INFO | 🚀 STRATOSPHERE BOT v2.0 - INITIALIZING
22:45:45.926 | INFO | ============================================================
22:45:45.926 | INFO | Mode: UNLIMITED Leverage
22:45:45.926 | INFO | Risk: 2.0% per trade
22:45:45.926 | INFO | VOMS: SL=10.0 pips | TP=20.0 pips
22:45:45.926 | INFO | ============================================================
22:45:45.983 | WARNING | Could not select XAUUSD in Market Watch
22:45:45.983 | ERROR | Symbol XAUUSD not found! Check broker symbol name.
22:53:09.901 | WARNING | ⚠️ LIVE TRADING MODE - Use at your own risk!
22:53:09.901 | INFO | ============================================================
22:53:09.901 | INFO | 🚀 STRATOSPHERE BOT v2.0 - INITIALIZING
22:53:09.902 | INFO | ============================================================
22:53:09.902 | INFO | Mode: UNLIMITED Leverage
22:53:09.902 | INFO | Risk: 2.0% per trade
22:53:09.902 | INFO | VOMS: SL=10.0 pips | TP=20.0 pips
22:53:09.902 | INFO | ============================================================
22:53:09.912 | INFO | MT5 Connected | Account: 269812493 | Balance: $20.00 | Leverage: 1:2000000000
22:53:09.912 | INFO | Symbol: XAUUSDm | Spread: 160 | Min Lot: 0.01
22:53:10.082 | INFO | 🔄 Training ML models...
22:53:29.956 | INFO | LSTM trained | Accuracy: 48.07%
22:53:30.315 | INFO | XGBoost trained | Accuracy: 52.02%
22:53:30.316 | INFO | 🧠 ML Engine started (background thread)
22:53:30.316 | INFO | ✅ Initialization complete
22:53:30.317 | INFO | 🟢 BOT RUNNING - Waiting for signals...
22:54:50.697 | INFO | STATUS | Session: OFF | Trades: 0 | Win: 0.0% | P&L: $0.00 | API: 0/2000
22:56:11.059 | INFO | STATUS | Session: OFF | Trades: 0 | Win: 0.0% | P&L: $0.00 | API: 0/2000
22:57:31.950 | INFO | STATUS | Session: OFF | Trades: 0 | Win: 0.0% | P&L: $0.00 | API: 0/2000
22:58:52.713 | INFO | STATUS | Session: OFF | Trades: 0 | Win: 0.0% | P&L: $0.00 | API: 0/2000
23:00:13.573 | INFO | STATUS | Session: OFF | Trades: 0 | Win: 0.0% | P&L: $0.00 | API: 0/2000
23:01:34.178 | INFO | STATUS | Session: OFF | Trades: 0 | Win: 0.0% | P&L: $0.00 | API: 0/2000
23:02:54.766 | INFO | STATUS | Session: OFF | Trades: 0 | Win: 0.0% | P&L: $0.00 | API: 0/2000
23:04:15.557 | INFO | STATUS | Session: OFF | Trades: 0 | Win: 0.0% | P&L: $0.00 | API: 0/2000
23:05:36.395 | INFO | STATUS | Session: OFF | Trades: 0 | Win: 0.0% | P&L: $0.00 | API: 0/2000
23:06:57.372 | INFO | STATUS | Session: OFF | Trades: 0 | Win: 0.0% | P&L: $0.00 | API: 0/2000
23:08:18.072 | INFO | STATUS | Session: OFF | Trades: 0 | Win: 0.0% | P&L: $0.00 | API: 0/2000
23:09:38.912 | INFO | STATUS | Session: OFF | Trades: 0 | Win: 0.0% | P&L: $0.00 | API: 0/2000
23:11:00.047 | INFO | STATUS | Session: OFF | Trades: 0 | Win: 0.0% | P&L: $0.00 | API: 0/2000
23:12:21.113 | INFO | STATUS | Session: OFF | Trades: 0 | Win: 0.0% | P&L: $0.00 | API: 0/2000
23:13:41.819 | INFO | STATUS | Session: OFF | Trades: 0 | Win: 0.0% | P&L: $0.00 | API: 0/2000
10:45:30.168 | WARNING | ⚠️ LIVE TRADING MODE - Use at your own risk!
10:45:30.186 | INFO | ============================================================
10:45:30.186 | INFO | 🚀 STRATOSPHERE BOT v2.0 - MULTI-SYMBOL
10:45:30.187 | INFO | ============================================================
10:45:30.187 | INFO | Symbols: XAUUSDm, BTCUSDm
10:45:30.187 | INFO | Mode: UNLIMITED Leverage
10:45:30.196 | INFO | Risk: 2.0% per trade
10:45:30.196 | INFO | Prediction Horizon: 30 candles
10:45:30.196 | INFO | Training Cycles: 5
10:45:30.196 | INFO | ============================================================
10:45:33.709 | INFO | MT5 Connected | Account: 269812493 | Balance: $20.00 | Leverage: 1:2000000000
10:45:33.709 | INFO | ✅ XAUUSDm | Spread: 160 | Min Lot: 0.01
10:45:33.711 | INFO | ✅ BTCUSDm | Spread: 1800 | Min Lot: 0.01
10:45:33.711 | INFO | 📊 Initializing XAUUSDm...
10:45:33.850 | INFO | 🔄 Training ML models for XAUUSDm... (5 cycles)
10:46:05.208 | INFO |   LSTM Cycle 1/5 | Accuracy: 47.14%
10:46:20.638 | INFO |   LSTM Cycle 2/5 | Accuracy: 39.96%
10:46:38.728 | INFO |   LSTM Cycle 3/5 | Accuracy: 46.41%
10:47:01.538 | INFO |   LSTM Cycle 4/5 | Accuracy: 49.24%
10:47:33.422 | INFO |   LSTM Cycle 5/5 | Accuracy: 46.12%
10:47:33.423 | INFO | ✅ LSTM Best Accuracy: 49.24%
10:47:33.670 | INFO |   XGB Cycle 1/5 | Accuracy: 37.76%
10:47:33.690 | INFO |   XGB Cycle 2/5 | Accuracy: 37.76%
10:47:33.713 | INFO |   XGB Cycle 3/5 | Accuracy: 37.76%
10:47:33.734 | INFO |   XGB Cycle 4/5 | Accuracy: 37.76%
10:47:33.754 | INFO |   XGB Cycle 5/5 | Accuracy: 37.76%
10:47:33.754 | INFO | ✅ XGBoost Best Accuracy: 37.76%
10:47:33.756 | INFO | 🧠 ML Engine started (background thread)
10:47:33.756 | INFO | ✅ XAUUSDm ready
10:47:33.757 | INFO | 📊 Initializing BTCUSDm...
10:47:33.937 | INFO | 🔄 Training ML models for BTCUSDm... (5 cycles)
10:48:04.638 | INFO |   LSTM Cycle 1/5 | Accuracy: 58.30%
10:48:21.473 | INFO |   LSTM Cycle 2/5 | Accuracy: 54.82%
10:48:36.851 | INFO |   LSTM Cycle 3/5 | Accuracy: 54.10%
10:48:53.825 | INFO |   LSTM Cycle 4/5 | Accuracy: 56.49%
10:49:10.758 | INFO |   LSTM Cycle 5/5 | Accuracy: 56.42%
10:49:10.758 | INFO | ✅ LSTM Best Accuracy: 58.30%
10:49:10.785 | INFO |   XGB Cycle 1/5 | Accuracy: 51.48%
10:49:10.809 | INFO |   XGB Cycle 2/5 | Accuracy: 49.82%
10:49:10.833 | INFO |   XGB Cycle 3/5 | Accuracy: 50.04%
10:49:10.855 | INFO |   XGB Cycle 4/5 | Accuracy: 50.69%
10:49:10.878 | INFO |   XGB Cycle 5/5 | Accuracy: 50.97%
10:49:10.879 | INFO | ✅ XGBoost Best Accuracy: 51.48%
10:49:10.881 | INFO | 🧠 ML Engine started (background thread)
10:49:10.881 | INFO | ✅ BTCUSDm ready
10:49:10.881 | INFO | ✅ Initialization complete | 2 symbols active
10:49:10.881 | INFO | 🟢 BOT RUNNING - Waiting for signals...
10:50:52.135 | INFO | STATUS | Session: OFF | Trades: 0 | Win: 0.0% | P&L: $0.00 | API: 0/2000
10:52:33.041 | INFO | STATUS | Session: OFF | Trades: 0 | Win: 0.0% | P&L: $0.00 | API: 0/2000
10:54:11.246 | INFO | STATUS | Session: OFF | Trades: 0 | Win: 0.0% | P&L: $0.00 | API: 0/2000
10:55:49.015 | INFO | STATUS | Session: OFF | Trades: 0 | Win: 0.0% | P&L: $0.00 | API: 0/2000
10:57:27.056 | INFO | STATUS | Session: OFF | Trades: 0 | Win: 0.0% | P&L: $0.00 | API: 0/2000
10:59:05.091 | INFO | STATUS | Session: OFF | Trades: 0 | Win: 0.0% | P&L: $0.00 | API: 0/2000
11:00:43.007 | INFO | STATUS | Session: OFF | Trades: 0 | Win: 0.0% | P&L: $0.00 | API: 0/2000
11:02:20.920 | INFO | STATUS | Session: OFF | Trades: 0 | Win: 0.0% | P&L: $0.00 | API: 0/2000
11:03:58.062 | INFO | STATUS | Session: OFF | Trades: 0 | Win: 0.0% | P&L: $0.00 | API: 0/2000
11:05:35.485 | INFO | STATUS | Session: OFF | Trades: 0 | Win: 0.0% | P&L: $0.00 | API: 0/2000
11:07:12.771 | INFO | STATUS | Session: OFF | Trades: 0 | Win: 0.0% | P&L: $0.00 | API: 0/2000
11:08:49.631 | INFO | STATUS | Session: OFF | Trades: 0 | Win: 0.0% | P&L: $0.00 | API: 0/2000
11:10:27.551 | INFO | STATUS | Session: OFF | Trades: 0 | Win: 0.0% | P&L: $0.00 | API: 0/2000
11:12:05.199 | INFO | STATUS | Session: OFF | Trades: 0 | Win: 0.0% | P&L: $0.00 | API: 0/2000
11:13:42.814 | INFO | STATUS | Session: OFF | Trades: 0 | Win: 0.0% | P&L: $0.00 | API: 0/2000
11:15:21.400 | INFO | STATUS | Session: OFF | Trades: 0 | Win: 0.0% | P&L: $0.00 | API: 0/2000
11:16:59.463 | INFO | STATUS | Session: OFF | Trades: 0 | Win: 0.0% | P&L: $0.00 | API: 0/2000
11:18:36.981 | INFO | STATUS | Session: OFF | Trades: 0 | Win: 0.0% | P&L: $0.00 | API: 0/2000
11:20:15.487 | INFO | STATUS | Session: OFF | Trades: 0 | Win: 0.0% | P&L: $0.00 | API: 0/2000
11:21:53.304 | INFO | STATUS | Session: OFF | Trades: 0 | Win: 0.0% | P&L: $0.00 | API: 0/2000
11:22:15.966 | WARNING | ⚠️ LIVE TRADING MODE - Use at your own risk!
11:22:15.966 | INFO | ============================================================
11:22:15.967 | INFO | 🚀 STRATOSPHERE BOT v2.0 - MULTI-SYMBOL
11:22:15.967 | INFO | ============================================================
11:22:15.967 | INFO | Symbols: XAUUSDm, BTCUSDm
11:22:15.967 | INFO | Mode: UNLIMITED Leverage
11:22:15.968 | INFO | Risk: 2.0% per trade
11:22:15.968 | INFO | Prediction Horizon: 30 candles
11:22:15.968 | INFO | Training Cycles: 5
11:22:15.968 | INFO | ============================================================
11:22:15.978 | INFO | MT5 Connected | Account: 269812493 | Balance: $20.00 | Leverage: 1:2000000000
11:22:15.979 | INFO | ✅ XAUUSDm | Spread: 160 | Min Lot: 0.01
11:22:15.979 | INFO | ✅ BTCUSDm | Spread: 1800 | Min Lot: 0.01
11:22:15.979 | INFO | 📊 Initializing XAUUSDm...
11:22:16.078 | INFO | 🔄 Training ML models for XAUUSDm... (5 cycles)
11:22:31.802 | INFO |   LSTM Cycle 1/5 | Accuracy: 40.46%
11:22:46.739 | INFO |   LSTM Cycle 2/5 | Accuracy: 55.18%
11:23:05.860 | INFO |   LSTM Cycle 3/5 | Accuracy: 43.15%
11:23:20.888 | INFO |   LSTM Cycle 4/5 | Accuracy: 52.28%
11:23:36.194 | INFO |   LSTM Cycle 5/5 | Accuracy: 40.46%
11:23:36.195 | INFO | ✅ LSTM Best Accuracy: 55.18%
11:23:36.339 | INFO |   XGB Cycle 1/5 | Accuracy: 50.40%
11:23:36.362 | INFO |   XGB Cycle 2/5 | Accuracy: 39.21%
11:23:36.382 | INFO |   XGB Cycle 3/5 | Accuracy: 41.23%
11:23:36.402 | INFO |   XGB Cycle 4/5 | Accuracy: 37.83%
11:23:36.421 | INFO |   XGB Cycle 5/5 | Accuracy: 54.22%
11:23:36.421 | INFO | ✅ XGBoost Best Accuracy: 54.22%
11:23:36.423 | INFO | 🧠 ML Engine started (background thread)
11:23:36.423 | INFO | ✅ XAUUSDm ready
11:23:36.424 | INFO | 📊 Initializing BTCUSDm...
11:23:36.556 | INFO | 🔄 Training ML models for BTCUSDm... (5 cycles)
11:24:00.414 | INFO |   LSTM Cycle 1/5 | Accuracy: 55.69%
11:24:30.834 | INFO |   LSTM Cycle 2/5 | Accuracy: 61.42%
11:24:53.722 | INFO |   LSTM Cycle 3/5 | Accuracy: 56.78%
11:25:16.085 | INFO |   LSTM Cycle 4/5 | Accuracy: 56.35%
11:25:32.295 | INFO |   LSTM Cycle 5/5 | Accuracy: 55.40%
11:25:32.295 | INFO | ✅ LSTM Best Accuracy: 61.42%
11:25:32.331 | INFO |   XGB Cycle 1/5 | Accuracy: 53.57%
11:25:32.363 | INFO |   XGB Cycle 2/5 | Accuracy: 60.00%
11:25:32.392 | INFO |   XGB Cycle 3/5 | Accuracy: 55.02%
11:25:32.421 | INFO |   XGB Cycle 4/5 | Accuracy: 52.27%
11:25:32.449 | INFO |   XGB Cycle 5/5 | Accuracy: 60.43%
11:25:32.449 | INFO | ✅ XGBoost Best Accuracy: 60.43%
11:25:32.451 | INFO | 🧠 ML Engine started (background thread)
11:25:32.451 | INFO | ✅ BTCUSDm ready
11:25:32.451 | INFO | ✅ Initialization complete | 2 symbols active
11:25:32.452 | INFO | 🟢 BOT RUNNING - Waiting for signals...
11:27:12.477 | INFO | STATUS | Session: OFF | Trades: 0 | Win: 0.0% | P&L: $0.00 | API: 0/2000
11:28:40.012 | WARNING | ⚠️ LIVE TRADING MODE - Use at your own risk!
11:28:40.418 | INFO | ============================================================
11:28:40.424 | INFO | 🚀 STRATOSPHERE BOT v2.0 - MULTI-SYMBOL
11:28:40.424 | INFO | ============================================================
11:28:40.425 | INFO | Symbols: XAUUSDm, BTCUSDm
11:28:40.425 | INFO | Mode: UNLIMITED Leverage
11:28:40.425 | INFO | Risk: 2.0% per trade
11:28:40.425 | INFO | Prediction Horizon: 30 candles
11:28:40.425 | INFO | Training Cycles: 5
11:28:40.425 | INFO | ============================================================
11:28:40.435 | INFO | MT5 Connected | Account: 269812493 | Balance: $20.00 | Leverage: 1:2000000000
11:28:40.435 | INFO | ✅ XAUUSDm | Spread: 160 | Min Lot: 0.01
11:28:40.435 | INFO | ✅ BTCUSDm | Spread: 1800 | Min Lot: 0.01
11:28:40.435 | INFO | 📊 Initializing XAUUSDm...
11:28:40.536 | INFO | 🔄 Training ML models for XAUUSDm... (5 cycles with warm start)
11:30:34.761 | WARNING | ⚠️ LIVE TRADING MODE - Use at your own risk!
11:30:34.762 | INFO | ============================================================
11:30:34.762 | INFO | 🚀 STRATOSPHERE BOT v2.0 - MULTI-SYMBOL
11:30:34.762 | INFO | ============================================================
11:30:34.762 | INFO | Symbols: XAUUSDm, BTCUSDm
11:30:34.762 | INFO | Mode: UNLIMITED Leverage
11:30:34.763 | INFO | Risk: 2.0% per trade
11:30:34.763 | INFO | Prediction Horizon: 30 candles
11:30:34.763 | INFO | Training Cycles: 5
11:30:34.763 | INFO | ============================================================
11:30:34.773 | INFO | MT5 Connected | Account: 269812493 | Balance: $20.00 | Leverage: 1:2000000000
11:30:34.773 | INFO | Symbols to initialize: ['XAUUSDm', 'BTCUSDm']
11:30:34.774 | INFO | ✅ XAUUSDm | Spread: 160 | Min Lot: 0.01
11:30:34.774 | INFO | ✅ BTCUSDm | Spread: 1800 | Min Lot: 0.01
11:30:34.774 | INFO | 📊 Initializing XAUUSDm...
11:30:34.875 | INFO | 🔄 Training ML models for XAUUSDm... (5 cycles with warm start)
11:31:03.229 | INFO |   LSTM Cycle 1/5 | Accuracy: 58.23%
11:31:03.295 | INFO |   🔥 Warm start from best weights (acc: 58.23%)
11:40:27.462 | WARNING | ⚠️ LIVE TRADING MODE - Use at your own risk!
11:40:27.462 | INFO | ============================================================
11:40:27.462 | INFO | 🚀 STRATOSPHERE BOT v2.0 - MULTI-SYMBOL
11:40:27.462 | INFO | ============================================================
11:40:27.462 | INFO | Symbols: XAUUSDm, BTCUSDm
11:40:27.463 | INFO | Mode: UNLIMITED Leverage
11:40:27.463 | INFO | Risk: 2.0% per trade
11:40:27.463 | INFO | Prediction Horizon: 30 candles
11:40:27.463 | INFO | Training Cycles: 5
11:40:27.463 | INFO | ============================================================
11:40:27.472 | INFO | MT5 Connected | Account: 269812493 | Balance: $20.00 | Leverage: 1:2000000000
11:40:27.472 | INFO | Symbols to initialize: ['BTCUSDm']
11:40:27.472 | INFO | ✅ BTCUSDm | Spread: 1800 | Min Lot: 0.01
11:40:27.472 | INFO | 📊 Initializing BTCUSDm...
11:40:27.572 | INFO | 🔄 Training ML models for BTCUSDm... (5 cycles with warm start)
11:40:49.561 | INFO |   LSTM Cycle 1/5 | Accuracy: 55.47%
11:40:49.622 | INFO |   🔥 Warm start from best weights (acc: 55.47%)
11:44:40.169 | WARNING | ⚠️ LIVE TRADING MODE - Use at your own risk!
11:44:40.169 | INFO | ============================================================
11:44:40.170 | INFO | 🚀 STRATOSPHERE BOT v2.0 - MULTI-SYMBOL
11:44:40.170 | INFO | ============================================================
11:44:40.170 | INFO | Symbols: XAUUSDm, BTCUSDm
11:44:40.170 | INFO | Mode: UNLIMITED Leverage
11:44:40.170 | INFO | Risk: 2.0% per trade
11:44:40.170 | INFO | Prediction Horizon: 30 candles
11:44:40.170 | INFO | Training Cycles: 5
11:44:40.170 | INFO | ============================================================
11:44:40.180 | INFO | MT5 Connected | Account: 269812493 | Balance: $20.00 | Leverage: 1:2000000000
11:44:40.180 | INFO | Symbols to initialize: ['BTCUSDm']
11:44:40.180 | INFO | ✅ BTCUSDm | Spread: 1800 | Min Lot: 0.01
11:44:40.180 | INFO | 📊 Initializing BTCUSDm...
11:44:40.282 | INFO | 🔄 Training ML models for BTCUSDm... (5 cycles with warm start)
11:45:04.301 | INFO |   LSTM Cycle 1/5 | Accuracy: 57.80%
11:45:04.363 | INFO |   🔥 Warm start from best weights (acc: 57.80%)
11:45:25.116 | INFO |   LSTM Cycle 2/5 | Accuracy: 54.97%
11:45:25.119 | INFO |   🔥 Warm start from best weights (acc: 57.80%)
11:45:39.837 | INFO |   LSTM Cycle 3/5 | Accuracy: 54.97%
11:45:39.840 | INFO |   🔥 Warm start from best weights (acc: 57.80%)
11:45:52.755 | INFO |   LSTM Cycle 4/5 | Accuracy: 55.40%
11:45:52.758 | INFO |   🔥 Warm start from best weights (acc: 57.80%)
11:46:14.166 | INFO |   LSTM Cycle 5/5 | Accuracy: 55.98%
11:46:14.166 | INFO | ✅ LSTM Best Accuracy: 57.80%
11:46:14.244 | INFO | 💾 LSTM weights saved: stratosphere_models\lstm_BTCUSDm.weights.h5
11:46:14.401 | INFO |   XGB Cycle 1/5 | Accuracy: 52.49%
11:46:14.401 | INFO |   🔥 XGB Warm start from best model (acc: 52.49%)
11:46:14.428 | INFO |   XGB Cycle 2/5 | Accuracy: 50.40%
11:46:14.429 | INFO |   🔥 XGB Warm start from best model (acc: 52.49%)
11:46:14.457 | INFO |   XGB Cycle 3/5 | Accuracy: 50.61%
11:46:14.458 | INFO |   🔥 XGB Warm start from best model (acc: 52.49%)
11:46:14.485 | INFO |   XGB Cycle 4/5 | Accuracy: 50.32%
11:46:14.485 | INFO |   🔥 XGB Warm start from best model (acc: 52.49%)
11:46:14.512 | INFO |   XGB Cycle 5/5 | Accuracy: 50.40%
11:46:14.512 | INFO | ✅ XGBoost Best Accuracy: 52.49%
11:46:14.516 | INFO | 💾 XGBoost model saved: stratosphere_models\xgb_BTCUSDm.json
11:46:14.518 | INFO | 🧠 ML Engine started (background thread)
11:46:14.518 | INFO | ✅ BTCUSDm ready
11:46:14.518 | INFO | ✅ Initialization complete | 1 symbols active
11:46:14.519 | INFO | 🟢 BOT RUNNING - Waiting for signals...
11:47:36.178 | INFO | STATUS | Session: OFF | Trades: 0 | Win: 0.0% | P&L: $0.00 | API: 0/2000
11:48:57.750 | INFO | STATUS | Session: OFF | Trades: 0 | Win: 0.0% | P&L: $0.00 | API: 0/2000
11:50:19.307 | INFO | STATUS | Session: OFF | Trades: 0 | Win: 0.0% | P&L: $0.00 | API: 0/2000
11:51:40.409 | INFO | STATUS | Session: OFF | Trades: 0 | Win: 0.0% | P&L: $0.00 | API: 0/2000
11:53:01.900 | INFO | STATUS | Session: OFF | Trades: 0 | Win: 0.0% | P&L: $0.00 | API: 0/2000
11:54:23.143 | INFO | STATUS | Session: OFF | Trades: 0 | Win: 0.0% | P&L: $0.00 | API: 0/2000
11:55:44.495 | INFO | STATUS | Session: OFF | Trades: 0 | Win: 0.0% | P&L: $0.00 | API: 0/2000
11:57:05.936 | INFO | STATUS | Session: OFF | Trades: 0 | Win: 0.0% | P&L: $0.00 | API: 0/2000
11:58:27.680 | INFO | STATUS | Session: OFF | Trades: 0 | Win: 0.0% | P&L: $0.00 | API: 0/2000
11:59:49.915 | INFO | STATUS | Session: OFF | Trades: 0 | Win: 0.0% | P&L: $0.00 | API: 0/2000
12:01:11.440 | INFO | STATUS | Session: OFF | Trades: 0 | Win: 0.0% | P&L: $0.00 | API: 0/2000
12:02:33.203 | INFO | STATUS | Session: OFF | Trades: 0 | Win: 0.0% | P&L: $0.00 | API: 0/2000
12:03:54.603 | INFO | STATUS | Session: OFF | Trades: 0 | Win: 0.0% | P&L: $0.00 | API: 0/2000
12:05:16.043 | INFO | STATUS | Session: OFF | Trades: 0 | Win: 0.0% | P&L: $0.00 | API: 0/2000
12:06:37.135 | INFO | STATUS | Session: OFF | Trades: 0 | Win: 0.0% | P&L: $0.00 | API: 0/2000
12:07:58.140 | INFO | STATUS | Session: OFF | Trades: 0 | Win: 0.0% | P&L: $0.00 | API: 0/2000
12:09:19.164 | INFO | STATUS | Session: OFF | Trades: 0 | Win: 0.0% | P&L: $0.00 | API: 0/2000
12:10:41.162 | INFO | STATUS | Session: OFF | Trades: 0 | Win: 0.0% | P&L: $0.00 | API: 0/2000
12:12:02.234 | INFO | STATUS | Session: OFF | Trades: 0 | Win: 0.0% | P&L: $0.00 | API: 0/2000
12:13:23.657 | INFO | STATUS | Session: OFF | Trades: 0 | Win: 0.0% | P&L: $0.00 | API: 0/2000
12:14:45.408 | INFO | STATUS | Session: OFF | Trades: 0 | Win: 0.0% | P&L: $0.00 | API: 0/2000
12:16:06.267 | INFO | STATUS | Session: OFF | Trades: 0 | Win: 0.0% | P&L: $0.00 | API: 0/2000
12:17:27.133 | INFO | STATUS | Session: OFF | Trades: 0 | Win: 0.0% | P&L: $0.00 | API: 0/2000
12:18:47.573 | INFO | STATUS | Session: OFF | Trades: 0 | Win: 0.0% | P&L: $0.00 | API: 0/2000
12:20:08.085 | INFO | STATUS | Session: OFF | Trades: 0 | Win: 0.0% | P&L: $0.00 | API: 0/2000
12:21:29.319 | INFO | STATUS | Session: OFF | Trades: 0 | Win: 0.0% | P&L: $0.00 | API: 0/2000
12:22:50.293 | INFO | STATUS | Session: OFF | Trades: 0 | Win: 0.0% | P&L: $0.00 | API: 0/2000
12:24:11.687 | INFO | STATUS | Session: OFF | Trades: 0 | Win: 0.0% | P&L: $0.00 | API: 0/2000
12:25:33.154 | INFO | STATUS | Session: OFF | Trades: 0 | Win: 0.0% | P&L: $0.00 | API: 0/2000
12:25:57.752 | WARNING | ⚠️ LIVE TRADING MODE - Use at your own risk!
12:25:57.752 | INFO | ============================================================
12:25:57.753 | INFO | 🚀 STRATOSPHERE BOT v2.0 - MULTI-SYMBOL
12:25:57.753 | INFO | ============================================================
12:25:57.753 | INFO | Symbols: XAUUSDm, BTCUSDm
12:25:57.753 | INFO | Mode: UNLIMITED Leverage
12:25:57.754 | INFO | Risk: 2.0% per trade
12:25:57.754 | INFO | Prediction Horizon: 30 candles
12:25:57.754 | INFO | Training Cycles: 5
12:25:57.754 | INFO | ============================================================
12:25:57.763 | INFO | MT5 Connected | Account: 269812493 | Balance: $20.00 | Leverage: 1:2000000000
12:25:57.763 | INFO | Symbols to initialize: ['BTCUSDm']
12:25:57.763 | INFO | ✅ BTCUSDm | Spread: 1800 | Min Lot: 0.01
12:25:57.763 | INFO | 📊 Initializing BTCUSDm...
12:25:57.878 | INFO | 🔥 Using BTC Microstructure ML Engine for BTCUSDm
12:25:57.878 | INFO | 🔄 Training BTC Microstructure ML for BTCUSDm...
12:25:57.878 | INFO |    Horizon: 2 candles | Threshold: 0.55
12:26:23.630 | INFO | ✅ BTC XGBoost Accuracy: 57.49%
12:26:23.630 | INFO | ✅ BTC LSTM Accuracy: 52.61%
12:26:23.631 | INFO |    Features: 19 | Samples: 5552
12:26:23.655 | INFO | 💾 BTC model saved: stratosphere_models\btc_hft_BTCUSDm.pkl
12:26:23.656 | INFO | 🧠 BTC Microstructure ML Engine started
12:26:23.656 | INFO | ✅ BTCUSDm ready
12:26:23.657 | INFO | ✅ Initialization complete | 1 symbols active
12:26:23.657 | INFO | 🟢 BOT RUNNING - Waiting for signals...
12:27:44.577 | INFO | STATUS | Session: OFF | Trades: 0 | Win: 0.0% | P&L: $0.00 | API: 0/2000
12:29:08.766 | INFO | STATUS | Session: OFF | Trades: 0 | Win: 0.0% | P&L: $0.00 | API: 0/2000
12:30:29.721 | INFO | STATUS | Session: OFF | Trades: 0 | Win: 0.0% | P&L: $0.00 | API: 0/2000
12:31:50.082 | INFO | STATUS | Session: OFF | Trades: 0 | Win: 0.0% | P&L: $0.00 | API: 0/2000
12:33:11.070 | INFO | STATUS | Session: OFF | Trades: 0 | Win: 0.0% | P&L: $0.00 | API: 0/2000
12:34:32.860 | INFO | STATUS | Session: OFF | Trades: 0 | Win: 0.0% | P&L: $0.00 | API: 0/2000
12:35:54.632 | INFO | STATUS | Session: OFF | Trades: 0 | Win: 0.0% | P&L: $0.00 | API: 0/2000
12:37:16.635 | INFO | STATUS | Session: OFF | Trades: 0 | Win: 0.0% | P&L: $0.00 | API: 0/2000
12:38:40.125 | INFO | STATUS | Session: OFF | Trades: 0 | Win: 0.0% | P&L: $0.00 | API: 0/2000
12:40:02.146 | INFO | STATUS | Session: OFF | Trades: 0 | Win: 0.0% | P&L: $0.00 | API: 0/2000
12:41:23.886 | INFO | STATUS | Session: OFF | Trades: 0 | Win: 0.0% | P&L: $0.00 | API: 0/2000
12:42:47.207 | INFO | STATUS | Session: OFF | Trades: 0 | Win: 0.0% | P&L: $0.00 | API: 0/2000
12:44:09.912 | INFO | STATUS | Session: OFF | Trades: 0 | Win: 0.0% | P&L: $0.00 | API: 0/2000
12:45:31.774 | INFO | STATUS | Session: OFF | Trades: 0 | Win: 0.0% | P&L: $0.00 | API: 0/2000
12:46:32.643 | WARNING | ⚠️ LIVE TRADING MODE - Use at your own risk!
12:46:32.643 | INFO | ============================================================
12:46:32.644 | INFO | 🚀 STRATOSPHERE BOT v2.0 - MULTI-SYMBOL
12:46:32.644 | INFO | ============================================================
12:46:32.644 | INFO | Symbols: XAUUSDm, BTCUSDm
12:46:32.644 | INFO | Mode: UNLIMITED Leverage
12:46:32.644 | INFO | Risk: 2.0% per trade
12:46:32.644 | INFO | Prediction Horizon: 30 candles
12:46:32.645 | INFO | Training Cycles: 5
12:46:32.645 | INFO | ============================================================
12:46:32.657 | INFO | MT5 Connected | Account: 269812493 | Balance: $19.82 | Leverage: 1:2000000000
12:46:32.657 | INFO | Symbols to initialize: ['BTCUSDm']
12:46:32.657 | INFO | ✅ BTCUSDm | Spread: 1800 | Min Lot: 0.01
12:46:32.657 | INFO | 📊 Initializing BTCUSDm...
12:46:32.774 | INFO | 🔥 Using BTC Microstructure ML Engine for BTCUSDm
12:46:32.774 | INFO | 🔄 Training BTC Optimized TCN+LightGBM v3.0 for BTCUSDm...
12:46:32.775 | INFO |    Horizon: 2 candles | Base Threshold: 0.55
12:46:32.775 | INFO |    Optimizations: Dynamic threshold, Vol regime, Session filter, Flat filter
12:46:52.623 | INFO | STATUS | Session: OFF | Trades: 0 | Win: 0.0% | P&L: $0.00 | API: 0/2000
12:48:08.825 | INFO | ✅ BTC LightGBM Accuracy: 55.48%
12:48:08.825 | INFO | ✅ BTC TCN Accuracy: 54.42%
12:48:08.826 | INFO |    Features: 20 (orthogonal only)
12:48:08.826 | INFO |    Samples: 5544 train / 1386 val
12:48:08.886 | INFO | 💾 BTC model saved: stratosphere_models\btc_hft_BTCUSDm.pkl
12:48:08.888 | INFO | 🧠 BTC Optimized TCN+LightGBM v3.0 started
12:48:08.888 | INFO | ✅ BTCUSDm ready
12:48:08.889 | INFO | ✅ Initialization complete | 1 symbols active
12:48:08.889 | INFO | 🟢 BOT RUNNING - Waiting for signals...
12:48:09.661 | INFO | STATUS | Session: OFF | Trades: 0 | Win: 0.0% | P&L: $0.00 | API: 0/2000
12:48:09.765 | INFO | BTC | Regime: high | Thresh: 0.55 | LGBM: 50.5% | TCN: 51.2% | Signal: HOLD | Filtered: 1/1
12:48:09.767 | INFO |      Skip reason: flat_prediction
12:49:30.929 | INFO | STATUS | Session: OFF | Trades: 0 | Win: 0.0% | P&L: $0.00 | API: 0/2000
12:49:32.009 | INFO | STATUS | Session: OFF | Trades: 0 | Win: 0.0% | P&L: $0.00 | API: 0/2000
12:50:53.527 | INFO | STATUS | Session: OFF | Trades: 0 | Win: 0.0% | P&L: $0.00 | API: 0/2000
12:50:55.017 | INFO | STATUS | Session: OFF | Trades: 0 | Win: 0.0% | P&L: $0.00 | API: 0/2000
12:52:15.251 | INFO | STATUS | Session: OFF | Trades: 0 | Win: 0.0% | P&L: $0.00 | API: 0/2000
12:52:16.464 | INFO | STATUS | Session: OFF | Trades: 0 | Win: 0.0% | P&L: $0.00 | API: 0/2000
12:53:36.576 | INFO | STATUS | Session: OFF | Trades: 0 | Win: 0.0% | P&L: $0.00 | API: 0/2000
12:53:38.273 | INFO | STATUS | Session: OFF | Trades: 0 | Win: 0.0% | P&L: $0.00 | API: 0/2000
12:54:57.030 | INFO | STATUS | Session: OFF | Trades: 0 | Win: 0.0% | P&L: $0.00 | API: 0/2000
12:54:59.369 | INFO | STATUS | Session: OFF | Trades: 0 | Win: 0.0% | P&L: $0.00 | API: 0/2000
12:56:18.936 | INFO | STATUS | Session: OFF | Trades: 0 | Win: 0.0% | P&L: $0.00 | API: 0/2000
12:56:21.544 | INFO | STATUS | Session: OFF | Trades: 0 | Win: 0.0% | P&L: $0.00 | API: 0/2000
12:57:40.001 | INFO | STATUS | Session: OFF | Trades: 0 | Win: 0.0% | P&L: $0.00 | API: 0/2000
12:57:42.610 | INFO | STATUS | Session: OFF | Trades: 0 | Win: 0.0% | P&L: $0.00 | API: 0/2000
12:59:00.845 | INFO | STATUS | Session: OFF | Trades: 0 | Win: 0.0% | P&L: $0.00 | API: 0/2000
12:59:03.653 | INFO | STATUS | Session: OFF | Trades: 0 | Win: 0.0% | P&L: $0.00 | API: 0/2000
13:00:22.222 | INFO | STATUS | Session: OFF | Trades: 0 | Win: 0.0% | P&L: $0.00 | API: 0/2000
13:00:24.900 | INFO | STATUS | Session: OFF | Trades: 0 | Win: 0.0% | P&L: $0.00 | API: 0/2000
13:01:43.430 | INFO | STATUS | Session: OFF | Trades: 0 | Win: 0.0% | P&L: $0.00 | API: 0/2000
13:01:46.296 | INFO | STATUS | Session: OFF | Trades: 0 | Win: 0.0% | P&L: $0.00 | API: 0/2000
13:03:04.791 | INFO | STATUS | Session: OFF | Trades: 0 | Win: 0.0% | P&L: $0.00 | API: 0/2000
13:03:07.460 | INFO | STATUS | Session: OFF | Trades: 0 | Win: 0.0% | P&L: $0.00 | API: 0/2000
13:04:25.761 | INFO | STATUS | Session: OFF | Trades: 0 | Win: 0.0% | P&L: $0.00 | API: 0/2000
13:04:28.589 | INFO | STATUS | Session: OFF | Trades: 0 | Win: 0.0% | P&L: $0.00 | API: 0/2000
13:05:46.771 | INFO | STATUS | Session: OFF | Trades: 0 | Win: 0.0% | P&L: $0.00 | API: 0/2000
13:05:49.662 | INFO | STATUS | Session: OFF | Trades: 0 | Win: 0.0% | P&L: $0.00 | API: 0/2000
13:07:07.484 | INFO | STATUS | Session: OFF | Trades: 0 | Win: 0.0% | P&L: $0.00 | API: 0/2000
13:07:10.777 | INFO | STATUS | Session: OFF | Trades: 0 | Win: 0.0% | P&L: $0.00 | API: 0/2000
13:08:29.805 | INFO | STATUS | Session: OFF | Trades: 0 | Win: 0.0% | P&L: $0.00 | API: 0/2000
13:08:33.259 | INFO | STATUS | Session: OFF | Trades: 0 | Win: 0.0% | P&L: $0.00 | API: 0/2000
13:09:52.171 | INFO | STATUS | Session: OFF | Trades: 0 | Win: 0.0% | P&L: $0.00 | API: 0/2000
13:09:55.860 | INFO | STATUS | Session: OFF | Trades: 0 | Win: 0.0% | P&L: $0.00 | API: 0/2000
13:11:13.977 | INFO | STATUS | Session: OFF | Trades: 0 | Win: 0.0% | P&L: $0.00 | API: 0/2000
13:11:17.621 | INFO | STATUS | Session: OFF | Trades: 0 | Win: 0.0% | P&L: $0.00 | API: 0/2000
13:12:35.071 | INFO | STATUS | Session: OFF | Trades: 0 | Win: 0.0% | P&L: $0.00 | API: 0/2000
13:12:39.041 | INFO | STATUS | Session: OFF | Trades: 0 | Win: 0.0% | P&L: $0.00 | API: 0/2000
13:13:56.744 | INFO | STATUS | Session: OFF | Trades: 0 | Win: 0.0% | P&L: $0.00 | API: 0/2000
13:14:00.570 | INFO | STATUS | Session: OFF | Trades: 0 | Win: 0.0% | P&L: $0.00 | API: 0/2000
13:15:18.320 | INFO | STATUS | Session: OFF | Trades: 0 | Win: 0.0% | P&L: $0.00 | API: 0/2000
13:15:22.352 | INFO | STATUS | Session: OFF | Trades: 0 | Win: 0.0% | P&L: $0.00 | API: 0/2000
13:16:39.437 | INFO | STATUS | Session: OFF | Trades: 0 | Win: 0.0% | P&L: $0.00 | API: 0/2000
13:16:43.528 | INFO | STATUS | Session: OFF | Trades: 0 | Win: 0.0% | P&L: $0.00 | API: 0/2000
13:18:00.372 | INFO | STATUS | Session: OFF | Trades: 0 | Win: 0.0% | P&L: $0.00 | API: 0/2000
13:18:04.514 | INFO | STATUS | Session: OFF | Trades: 0 | Win: 0.0% | P&L: $0.00 | API: 0/2000
13:19:21.075 | INFO | STATUS | Session: OFF | Trades: 0 | Win: 0.0% | P&L: $0.00 | API: 0/2000
13:19:25.327 | INFO | STATUS | Session: OFF | Trades: 0 | Win: 0.0% | P&L: $0.00 | API: 0/2000
13:20:41.966 | INFO | STATUS | Session: OFF | Trades: 0 | Win: 0.0% | P&L: $0.00 | API: 0/2000
13:20:46.595 | INFO | STATUS | Session: OFF | Trades: 0 | Win: 0.0% | P&L: $0.00 | API: 0/2000
13:22:02.355 | INFO | STATUS | Session: OFF | Trades: 0 | Win: 0.0% | P&L: $0.00 | API: 0/2000
13:22:06.826 | INFO | STATUS | Session: OFF | Trades: 0 | Win: 0.0% | P&L: $0.00 | API: 0/2000
13:23:22.522 | INFO | STATUS | Session: OFF | Trades: 0 | Win: 0.0% | P&L: $0.00 | API: 0/2000
13:23:26.842 | INFO | STATUS | Session: OFF | Trades: 0 | Win: 0.0% | P&L: $0.00 | API: 0/2000
13:24:43.401 | INFO | STATUS | Session: OFF | Trades: 0 | Win: 0.0% | P&L: $0.00 | API: 0/2000
13:24:47.960 | INFO | STATUS | Session: OFF | Trades: 0 | Win: 0.0% | P&L: $0.00 | API: 0/2000
13:26:05.579 | INFO | STATUS | Session: OFF | Trades: 0 | Win: 0.0% | P&L: $0.00 | API: 0/2000
13:26:10.439 | INFO | STATUS | Session: OFF | Trades: 0 | Win: 0.0% | P&L: $0.00 | API: 0/2000
13:27:26.343 | INFO | STATUS | Session: OFF | Trades: 0 | Win: 0.0% | P&L: $0.00 | API: 0/2000
13:27:30.960 | INFO | STATUS | Session: OFF | Trades: 0 | Win: 0.0% | P&L: $0.00 | API: 0/2000
13:28:46.987 | INFO | STATUS | Session: OFF | Trades: 0 | Win: 0.0% | P&L: $0.00 | API: 0/2000
13:28:51.588 | INFO | STATUS | Session: OFF | Trades: 0 | Win: 0.0% | P&L: $0.00 | API: 0/2000
13:30:07.372 | INFO | STATUS | Session: LONDON | Trades: 0 | Win: 0.0% | P&L: $0.00 | API: 0/2000
13:30:12.253 | INFO | STATUS | Session: LONDON | Trades: 0 | Win: 0.0% | P&L: $0.00 | API: 0/2000
13:31:27.604 | INFO | STATUS | Session: LONDON | Trades: 0 | Win: 0.0% | P&L: $0.00 | API: 0/2000
13:31:32.510 | INFO | STATUS | Session: LONDON | Trades: 0 | Win: 0.0% | P&L: $0.00 | API: 0/2000
13:32:48.245 | INFO | STATUS | Session: LONDON | Trades: 0 | Win: 0.0% | P&L: $0.00 | API: 0/2000
13:32:53.385 | INFO | STATUS | Session: LONDON | Trades: 0 | Win: 0.0% | P&L: $0.00 | API: 0/2000
13:34:08.389 | INFO | STATUS | Session: LONDON | Trades: 0 | Win: 0.0% | P&L: $0.00 | API: 0/2000
13:34:13.465 | INFO | STATUS | Session: LONDON | Trades: 0 | Win: 0.0% | P&L: $0.00 | API: 0/2000
13:35:28.557 | INFO | STATUS | Session: LONDON | Trades: 0 | Win: 0.0% | P&L: $0.00 | API: 0/2000
13:35:34.126 | INFO | STATUS | Session: LONDON | Trades: 0 | Win: 0.0% | P&L: $0.00 | API: 0/2000
13:36:49.040 | INFO | STATUS | Session: LONDON | Trades: 0 | Win: 0.0% | P&L: $0.00 | API: 0/2000
13:36:54.497 | INFO | STATUS | Session: LONDON | Trades: 0 | Win: 0.0% | P&L: $0.00 | API: 0/2000
13:38:09.235 | INFO | STATUS | Session: LONDON | Trades: 0 | Win: 0.0% | P&L: $0.00 | API: 0/2000
13:38:14.590 | INFO | STATUS | Session: LONDON | Trades: 0 | Win: 0.0% | P&L: $0.00 | API: 0/2000
13:39:29.177 | INFO | STATUS | Session: LONDON | Trades: 0 | Win: 0.0% | P&L: $0.00 | API: 0/2000
13:39:34.426 | INFO | STATUS | Session: LONDON | Trades: 0 | Win: 0.0% | P&L: $0.00 | API: 0/2000
13:40:48.879 | INFO | STATUS | Session: LONDON | Trades: 0 | Win: 0.0% | P&L: $0.00 | API: 0/2000
13:40:54.474 | INFO | STATUS | Session: LONDON | Trades: 0 | Win: 0.0% | P&L: $0.00 | API: 0/2000
13:42:08.871 | INFO | STATUS | Session: LONDON | Trades: 0 | Win: 0.0% | P&L: $0.00 | API: 0/2000
13:42:14.570 | INFO | STATUS | Session: LONDON | Trades: 0 | Win: 0.0% | P&L: $0.00 | API: 0/2000
13:43:29.345 | INFO | STATUS | Session: LONDON | Trades: 0 | Win: 0.0% | P&L: $0.00 | API: 0/2000
13:43:35.056 | INFO | STATUS | Session: LONDON | Trades: 0 | Win: 0.0% | P&L: $0.00 | API: 0/2000
13:44:50.049 | INFO | STATUS | Session: LONDON | Trades: 0 | Win: 0.0% | P&L: $0.00 | API: 0/2000
13:44:56.010 | INFO | STATUS | Session: LONDON | Trades: 0 | Win: 0.0% | P&L: $0.00 | API: 0/2000
13:46:11.012 | INFO | STATUS | Session: LONDON | Trades: 0 | Win: 0.0% | P&L: $0.00 | API: 0/2000
13:46:17.089 | INFO | STATUS | Session: LONDON | Trades: 0 | Win: 0.0% | P&L: $0.00 | API: 0/2000
13:47:31.642 | INFO | STATUS | Session: LONDON | Trades: 0 | Win: 0.0% | P&L: $0.00 | API: 0/2000
13:47:37.804 | INFO | STATUS | Session: LONDON | Trades: 0 | Win: 0.0% | P&L: $0.00 | API: 0/2000
13:48:09.424 | INFO | BTC | Regime: extreme | Thresh: 0.60 | LGBM: 47.0% | TCN: 48.7% | Signal: HOLD | Filtered: 61/61
13:48:09.424 | INFO |      Skip reason: flat_prediction
13:48:52.452 | INFO | STATUS | Session: LONDON | Trades: 0 | Win: 0.0% | P&L: $0.00 | API: 0/2000
13:48:58.533 | INFO | STATUS | Session: LONDON | Trades: 0 | Win: 0.0% | P&L: $0.00 | API: 0/2000
13:50:12.789 | INFO | STATUS | Session: LONDON | Trades: 0 | Win: 0.0% | P&L: $0.00 | API: 0/2000
13:50:19.176 | INFO | STATUS | Session: LONDON | Trades: 0 | Win: 0.0% | P&L: $0.00 | API: 0/2000
13:51:33.158 | INFO | STATUS | Session: LONDON | Trades: 0 | Win: 0.0% | P&L: $0.00 | API: 0/2000
13:51:39.705 | INFO | STATUS | Session: LONDON | Trades: 0 | Win: 0.0% | P&L: $0.00 | API: 0/2000
13:52:53.354 | INFO | STATUS | Session: LONDON | Trades: 0 | Win: 0.0% | P&L: $0.00 | API: 0/2000
13:53:00.414 | INFO | STATUS | Session: LONDON | Trades: 0 | Win: 0.0% | P&L: $0.00 | API: 0/2000
13:54:14.482 | INFO | STATUS | Session: LONDON | Trades: 0 | Win: 0.0% | P&L: $0.00 | API: 0/2000
13:54:21.347 | INFO | STATUS | Session: LONDON | Trades: 0 | Win: 0.0% | P&L: $0.00 | API: 0/2000
13:55:35.428 | INFO | STATUS | Session: LONDON | Trades: 0 | Win: 0.0% | P&L: $0.00 | API: 0/2000
13:55:42.153 | INFO | STATUS | Session: LONDON | Trades: 0 | Win: 0.0% | P&L: $0.00 | API: 0/2000
13:56:55.841 | INFO | STATUS | Session: LONDON | Trades: 0 | Win: 0.0% | P&L: $0.00 | API: 0/2000
13:57:02.828 | INFO | STATUS | Session: LONDON | Trades: 0 | Win: 0.0% | P&L: $0.00 | API: 0/2000
13:58:16.102 | INFO | STATUS | Session: LONDON | Trades: 0 | Win: 0.0% | P&L: $0.00 | API: 0/2000
13:58:23.265 | INFO | STATUS | Session: LONDON | Trades: 0 | Win: 0.0% | P&L: $0.00 | API: 0/2000
13:59:37.038 | INFO | STATUS | Session: LONDON | Trades: 0 | Win: 0.0% | P&L: $0.00 | API: 0/2000
13:59:43.935 | INFO | STATUS | Session: LONDON | Trades: 0 | Win: 0.0% | P&L: $0.00 | API: 0/2000
14:00:57.421 | INFO | STATUS | Session: LONDON | Trades: 0 | Win: 0.0% | P&L: $0.00 | API: 0/2000
14:01:04.756 | INFO | STATUS | Session: LONDON | Trades: 0 | Win: 0.0% | P&L: $0.00 | API: 0/2000
14:02:17.843 | INFO | STATUS | Session: LONDON | Trades: 0 | Win: 0.0% | P&L: $0.00 | API: 0/2000
14:02:25.476 | INFO | STATUS | Session: LONDON | Trades: 0 | Win: 0.0% | P&L: $0.00 | API: 0/2000
14:03:39.105 | INFO | STATUS | Session: LONDON | Trades: 0 | Win: 0.0% | P&L: $0.00 | API: 0/2000
14:03:46.827 | INFO | STATUS | Session: LONDON | Trades: 0 | Win: 0.0% | P&L: $0.00 | API: 0/2000
14:05:00.764 | INFO | STATUS | Session: LONDON | Trades: 0 | Win: 0.0% | P&L: $0.00 | API: 0/2000
14:05:08.349 | INFO | STATUS | Session: LONDON | Trades: 0 | Win: 0.0% | P&L: $0.00 | API: 0/2000
14:06:22.018 | INFO | STATUS | Session: LONDON | Trades: 0 | Win: 0.0% | P&L: $0.00 | API: 0/2000
14:06:29.976 | INFO | STATUS | Session: LONDON | Trades: 0 | Win: 0.0% | P&L: $0.00 | API: 0/2000
14:07:43.381 | INFO | STATUS | Session: LONDON | Trades: 0 | Win: 0.0% | P&L: $0.00 | API: 0/2000
14:07:51.442 | INFO | STATUS | Session: LONDON | Trades: 0 | Win: 0.0% | P&L: $0.00 | API: 0/2000
14:09:04.484 | INFO | STATUS | Session: LONDON | Trades: 0 | Win: 0.0% | P&L: $0.00 | API: 0/2000
14:09:12.432 | INFO | STATUS | Session: LONDON | Trades: 0 | Win: 0.0% | P&L: $0.00 | API: 0/2000
14:10:25.474 | INFO | STATUS | Session: LONDON | Trades: 0 | Win: 0.0% | P&L: $0.00 | API: 0/2000
14:10:33.421 | INFO | STATUS | Session: LONDON | Trades: 0 | Win: 0.0% | P&L: $0.00 | API: 0/2000
14:11:46.328 | INFO | STATUS | Session: LONDON | Trades: 0 | Win: 0.0% | P&L: $0.00 | API: 0/2000
14:11:54.357 | INFO | STATUS | Session: LONDON | Trades: 0 | Win: 0.0% | P&L: $0.00 | API: 0/2000
14:13:07.363 | INFO | STATUS | Session: LONDON | Trades: 0 | Win: 0.0% | P&L: $0.00 | API: 0/2000
14:13:15.547 | INFO | STATUS | Session: LONDON | Trades: 0 | Win: 0.0% | P&L: $0.00 | API: 0/2000
14:14:28.597 | INFO | STATUS | Session: LONDON | Trades: 0 | Win: 0.0% | P&L: $0.00 | API: 0/2000
14:14:36.618 | INFO | STATUS | Session: LONDON | Trades: 0 | Win: 0.0% | P&L: $0.00 | API: 0/2000
14:15:49.570 | INFO | STATUS | Session: LONDON | Trades: 0 | Win: 0.0% | P&L: $0.00 | API: 0/2000
14:15:57.723 | INFO | STATUS | Session: LONDON | Trades: 0 | Win: 0.0% | P&L: $0.00 | API: 0/2000
14:17:10.745 | INFO | STATUS | Session: LONDON | Trades: 0 | Win: 0.0% | P&L: $0.00 | API: 0/2000
14:17:18.942 | INFO | STATUS | Session: LONDON | Trades: 0 | Win: 0.0% | P&L: $0.00 | API: 0/2000
14:18:31.776 | INFO | STATUS | Session: LONDON | Trades: 0 | Win: 0.0% | P&L: $0.00 | API: 0/2000
14:18:39.880 | INFO | STATUS | Session: LONDON | Trades: 0 | Win: 0.0% | P&L: $0.00 | API: 0/2000
14:19:52.869 | INFO | STATUS | Session: LONDON | Trades: 0 | Win: 0.0% | P&L: $0.00 | API: 0/2000
14:20:01.071 | INFO | STATUS | Session: LONDON | Trades: 0 | Win: 0.0% | P&L: $0.00 | API: 0/2000
14:21:13.176 | INFO | STATUS | Session: LONDON | Trades: 0 | Win: 0.0% | P&L: $0.00 | API: 0/2000
14:21:21.610 | INFO | STATUS | Session: LONDON | Trades: 0 | Win: 0.0% | P&L: $0.00 | API: 0/2000
14:22:33.716 | INFO | STATUS | Session: LONDON | Trades: 0 | Win: 0.0% | P&L: $0.00 | API: 0/2000
14:22:42.196 | INFO | STATUS | Session: LONDON | Trades: 0 | Win: 0.0% | P&L: $0.00 | API: 0/2000
14:23:54.181 | INFO | STATUS | Session: LONDON | Trades: 0 | Win: 0.0% | P&L: $0.00 | API: 0/2000
14:24:02.853 | INFO | STATUS | Session: LONDON | Trades: 0 | Win: 0.0% | P&L: $0.00 | API: 0/2000
14:25:15.115 | INFO | STATUS | Session: LONDON | Trades: 0 | Win: 0.0% | P&L: $0.00 | API: 0/2000
14:25:23.469 | INFO | STATUS | Session: LONDON | Trades: 0 | Win: 0.0% | P&L: $0.00 | API: 0/2000
14:26:35.540 | INFO | STATUS | Session: LONDON | Trades: 0 | Win: 0.0% | P&L: $0.00 | API: 0/2000
14:26:44.293 | INFO | STATUS | Session: LONDON | Trades: 0 | Win: 0.0% | P&L: $0.00 | API: 0/2000
14:27:56.237 | INFO | STATUS | Session: LONDON | Trades: 0 | Win: 0.0% | P&L: $0.00 | API: 0/2000
14:28:05.084 | INFO | STATUS | Session: LONDON | Trades: 0 | Win: 0.0% | P&L: $0.00 | API: 0/2000
14:29:16.964 | INFO | STATUS | Session: LONDON | Trades: 0 | Win: 0.0% | P&L: $0.00 | API: 0/2000
14:29:26.079 | INFO | STATUS | Session: LONDON | Trades: 0 | Win: 0.0% | P&L: $0.00 | API: 0/2000
14:30:38.080 | INFO | STATUS | Session: LONDON | Trades: 0 | Win: 0.0% | P&L: $0.00 | API: 0/2000
14:30:46.824 | INFO | STATUS | Session: LONDON | Trades: 0 | Win: 0.0% | P&L: $0.00 | API: 0/2000
14:31:58.861 | INFO | STATUS | Session: LONDON | Trades: 0 | Win: 0.0% | P&L: $0.00 | API: 0/2000
14:32:07.937 | INFO | STATUS | Session: LONDON | Trades: 0 | Win: 0.0% | P&L: $0.00 | API: 0/2000
14:33:19.882 | INFO | STATUS | Session: LONDON | Trades: 0 | Win: 0.0% | P&L: $0.00 | API: 0/2000
14:33:29.019 | INFO | STATUS | Session: LONDON | Trades: 0 | Win: 0.0% | P&L: $0.00 | API: 0/2000
14:34:40.721 | INFO | STATUS | Session: LONDON | Trades: 0 | Win: 0.0% | P&L: $0.00 | API: 0/2000
14:34:49.703 | INFO | STATUS | Session: LONDON | Trades: 0 | Win: 0.0% | P&L: $0.00 | API: 0/2000
14:36:02.409 | INFO | STATUS | Session: LONDON | Trades: 0 | Win: 0.0% | P&L: $0.00 | API: 0/2000
14:36:11.456 | INFO | STATUS | Session: LONDON | Trades: 0 | Win: 0.0% | P&L: $0.00 | API: 0/2000
14:37:24.027 | INFO | STATUS | Session: LONDON | Trades: 0 | Win: 0.0% | P&L: $0.00 | API: 0/2000
14:37:33.059 | INFO | STATUS | Session: LONDON | Trades: 0 | Win: 0.0% | P&L: $0.00 | API: 0/2000
14:38:46.103 | INFO | STATUS | Session: LONDON | Trades: 0 | Win: 0.0% | P&L: $0.00 | API: 0/2000
14:38:55.189 | INFO | STATUS | Session: LONDON | Trades: 0 | Win: 0.0% | P&L: $0.00 | API: 0/2000
14:40:07.219 | INFO | STATUS | Session: LONDON | Trades: 0 | Win: 0.0% | P&L: $0.00 | API: 0/2000
14:40:15.999 | INFO | STATUS | Session: LONDON | Trades: 0 | Win: 0.0% | P&L: $0.00 | API: 0/2000
14:41:28.885 | INFO | STATUS | Session: LONDON | Trades: 0 | Win: 0.0% | P&L: $0.00 | API: 0/2000
14:41:38.078 | INFO | STATUS | Session: LONDON | Trades: 0 | Win: 0.0% | P&L: $0.00 | API: 0/2000
14:42:50.729 | INFO | STATUS | Session: LONDON | Trades: 0 | Win: 0.0% | P&L: $0.00 | API: 0/2000
14:42:59.676 | INFO | STATUS | Session: LONDON | Trades: 0 | Win: 0.0% | P&L: $0.00 | API: 0/2000
14:44:12.118 | INFO | STATUS | Session: LONDON | Trades: 0 | Win: 0.0% | P&L: $0.00 | API: 0/2000
14:44:21.257 | INFO | STATUS | Session: LONDON | Trades: 0 | Win: 0.0% | P&L: $0.00 | API: 0/2000
14:45:34.352 | INFO | STATUS | Session: LONDON | Trades: 0 | Win: 0.0% | P&L: $0.00 | API: 0/2000
14:45:43.470 | INFO | STATUS | Session: LONDON | Trades: 0 | Win: 0.0% | P&L: $0.00 | API: 0/2000
14:46:55.746 | INFO | STATUS | Session: LONDON | Trades: 0 | Win: 0.0% | P&L: $0.00 | API: 0/2000
14:47:04.798 | INFO | STATUS | Session: LONDON | Trades: 0 | Win: 0.0% | P&L: $0.00 | API: 0/2000
14:48:03.648 | INFO | BTC | Regime: medium | Thresh: 0.59 | LGBM: 48.7% | TCN: 48.1% | Signal: HOLD | Filtered: 121/121
14:48:03.649 | INFO |      Skip reason: flat_prediction
14:48:17.190 | INFO | STATUS | Session: LONDON | Trades: 0 | Win: 0.0% | P&L: $0.00 | API: 0/2000
14:48:26.401 | INFO | STATUS | Session: LONDON | Trades: 0 | Win: 0.0% | P&L: $0.00 | API: 0/2000
14:49:38.690 | INFO | STATUS | Session: LONDON | Trades: 0 | Win: 0.0% | P&L: $0.00 | API: 0/2000
14:49:47.800 | INFO | STATUS | Session: LONDON | Trades: 0 | Win: 0.0% | P&L: $0.00 | API: 0/2000
14:51:00.279 | INFO | STATUS | Session: LONDON | Trades: 0 | Win: 0.0% | P&L: $0.00 | API: 0/2000
14:51:09.769 | INFO | STATUS | Session: LONDON | Trades: 0 | Win: 0.0% | P&L: $0.00 | API: 0/2000
14:52:21.274 | INFO | STATUS | Session: LONDON | Trades: 0 | Win: 0.0% | P&L: $0.00 | API: 0/2000
14:52:30.705 | INFO | STATUS | Session: LONDON | Trades: 0 | Win: 0.0% | P&L: $0.00 | API: 0/2000
14:53:42.697 | INFO | STATUS | Session: LONDON | Trades: 0 | Win: 0.0% | P&L: $0.00 | API: 0/2000
14:53:52.327 | INFO | STATUS | Session: LONDON | Trades: 0 | Win: 0.0% | P&L: $0.00 | API: 0/2000
14:55:04.483 | INFO | STATUS | Session: LONDON | Trades: 0 | Win: 0.0% | P&L: $0.00 | API: 0/2000
14:55:14.244 | INFO | STATUS | Session: LONDON | Trades: 0 | Win: 0.0% | P&L: $0.00 | API: 0/2000
14:56:26.440 | INFO | STATUS | Session: LONDON | Trades: 0 | Win: 0.0% | P&L: $0.00 | API: 0/2000
14:56:35.866 | INFO | STATUS | Session: LONDON | Trades: 0 | Win: 0.0% | P&L: $0.00 | API: 0/2000
14:57:48.152 | INFO | STATUS | Session: LONDON | Trades: 0 | Win: 0.0% | P&L: $0.00 | API: 0/2000
14:57:57.722 | INFO | STATUS | Session: LONDON | Trades: 0 | Win: 0.0% | P&L: $0.00 | API: 0/2000
14:59:10.270 | INFO | STATUS | Session: LONDON | Trades: 0 | Win: 0.0% | P&L: $0.00 | API: 0/2000
14:59:19.477 | INFO | STATUS | Session: LONDON | Trades: 0 | Win: 0.0% | P&L: $0.00 | API: 0/2000
15:00:31.439 | INFO | STATUS | Session: LONDON | Trades: 0 | Win: 0.0% | P&L: $0.00 | API: 0/2000
15:00:41.077 | INFO | STATUS | Session: LONDON | Trades: 0 | Win: 0.0% | P&L: $0.00 | API: 0/2000
15:01:54.025 | INFO | STATUS | Session: LONDON | Trades: 0 | Win: 0.0% | P&L: $0.00 | API: 0/2000
15:02:03.654 | INFO | STATUS | Session: LONDON | Trades: 0 | Win: 0.0% | P&L: $0.00 | API: 0/2000
15:03:16.641 | INFO | STATUS | Session: LONDON | Trades: 0 | Win: 0.0% | P&L: $0.00 | API: 0/2000
15:03:26.384 | INFO | STATUS | Session: LONDON | Trades: 0 | Win: 0.0% | P&L: $0.00 | API: 0/2000
15:04:38.607 | INFO | STATUS | Session: LONDON | Trades: 0 | Win: 0.0% | P&L: $0.00 | API: 0/2000
15:04:48.229 | INFO | STATUS | Session: LONDON | Trades: 0 | Win: 0.0% | P&L: $0.00 | API: 0/2000
15:06:01.106 | INFO | STATUS | Session: LONDON | Trades: 0 | Win: 0.0% | P&L: $0.00 | API: 0/2000
15:06:10.983 | INFO | STATUS | Session: LONDON | Trades: 0 | Win: 0.0% | P&L: $0.00 | API: 0/2000
15:07:23.483 | INFO | STATUS | Session: LONDON | Trades: 0 | Win: 0.0% | P&L: $0.00 | API: 0/2000
15:07:33.256 | INFO | STATUS | Session: LONDON | Trades: 0 | Win: 0.0% | P&L: $0.00 | API: 0/2000
15:08:45.131 | INFO | STATUS | Session: LONDON | Trades: 0 | Win: 0.0% | P&L: $0.00 | API: 0/2000
15:08:54.673 | INFO | STATUS | Session: LONDON | Trades: 0 | Win: 0.0% | P&L: $0.00 | API: 0/2000
15:10:07.188 | INFO | STATUS | Session: LONDON | Trades: 0 | Win: 0.0% | P&L: $0.00 | API: 0/2000
15:10:16.668 | INFO | STATUS | Session: LONDON | Trades: 0 | Win: 0.0% | P&L: $0.00 | API: 0/2000
15:11:27.716 | INFO | STATUS | Session: LONDON | Trades: 0 | Win: 0.0% | P&L: $0.00 | API: 0/2000
15:11:37.176 | INFO | STATUS | Session: LONDON | Trades: 0 | Win: 0.0% | P&L: $0.00 | API: 0/2000
15:12:48.276 | INFO | STATUS | Session: LONDON | Trades: 0 | Win: 0.0% | P&L: $0.00 | API: 0/2000
15:12:57.703 | INFO | STATUS | Session: LONDON | Trades: 0 | Win: 0.0% | P&L: $0.00 | API: 0/2000
15:14:08.846 | INFO | STATUS | Session: LONDON | Trades: 0 | Win: 0.0% | P&L: $0.00 | API: 0/2000
15:14:18.243 | INFO | STATUS | Session: LONDON | Trades: 0 | Win: 0.0% | P&L: $0.00 | API: 0/2000
15:15:29.522 | INFO | STATUS | Session: LONDON | Trades: 0 | Win: 0.0% | P&L: $0.00 | API: 0/2000
15:15:39.014 | INFO | STATUS | Session: LONDON | Trades: 0 | Win: 0.0% | P&L: $0.00 | API: 0/2000
15:16:50.079 | INFO | STATUS | Session: LONDON | Trades: 0 | Win: 0.0% | P&L: $0.00 | API: 0/2000
15:16:59.810 | INFO | STATUS | Session: LONDON | Trades: 0 | Win: 0.0% | P&L: $0.00 | API: 0/2000
15:18:10.490 | INFO | STATUS | Session: LONDON | Trades: 0 | Win: 0.0% | P&L: $0.00 | API: 0/2000
15:18:20.231 | INFO | STATUS | Session: LONDON | Trades: 0 | Win: 0.0% | P&L: $0.00 | API: 0/2000
15:19:30.357 | INFO | STATUS | Session: LONDON | Trades: 0 | Win: 0.0% | P&L: $0.00 | API: 0/2000
15:19:40.319 | INFO | STATUS | Session: LONDON | Trades: 0 | Win: 0.0% | P&L: $0.00 | API: 0/2000
15:20:51.077 | INFO | STATUS | Session: LONDON | Trades: 0 | Win: 0.0% | P&L: $0.00 | API: 0/2000
15:21:01.246 | INFO | STATUS | Session: LONDON | Trades: 0 | Win: 0.0% | P&L: $0.00 | API: 0/2000
15:22:12.483 | INFO | STATUS | Session: LONDON | Trades: 0 | Win: 0.0% | P&L: $0.00 | API: 0/2000
15:22:22.630 | INFO | STATUS | Session: LONDON | Trades: 0 | Win: 0.0% | P&L: $0.00 | API: 0/2000
15:23:34.040 | INFO | STATUS | Session: LONDON | Trades: 0 | Win: 0.0% | P&L: $0.00 | API: 0/2000
15:23:44.354 | INFO | STATUS | Session: LONDON | Trades: 0 | Win: 0.0% | P&L: $0.00 | API: 0/2000
15:24:55.148 | INFO | STATUS | Session: LONDON | Trades: 0 | Win: 0.0% | P&L: $0.00 | API: 0/2000
15:25:05.747 | INFO | STATUS | Session: LONDON | Trades: 0 | Win: 0.0% | P&L: $0.00 | API: 0/2000
15:26:16.597 | INFO | STATUS | Session: LONDON | Trades: 0 | Win: 0.0% | P&L: $0.00 | API: 0/2000
15:26:27.290 | INFO | STATUS | Session: LONDON | Trades: 0 | Win: 0.0% | P&L: $0.00 | API: 0/2000
15:27:37.553 | INFO | STATUS | Session: LONDON | Trades: 0 | Win: 0.0% | P&L: $0.00 | API: 0/2000
15:27:48.440 | INFO | STATUS | Session: LONDON | Trades: 0 | Win: 0.0% | P&L: $0.00 | API: 0/2000
15:28:59.397 | INFO | STATUS | Session: LONDON | Trades: 0 | Win: 0.0% | P&L: $0.00 | API: 0/2000
15:29:09.951 | INFO | STATUS | Session: LONDON | Trades: 0 | Win: 0.0% | P&L: $0.00 | API: 0/2000
15:30:20.017 | INFO | STATUS | Session: LONDON | Trades: 0 | Win: 0.0% | P&L: $0.00 | API: 0/2000
15:30:30.809 | INFO | STATUS | Session: LONDON | Trades: 0 | Win: 0.0% | P&L: $0.00 | API: 0/2000
15:31:41.007 | INFO | STATUS | Session: LONDON | Trades: 0 | Win: 0.0% | P&L: $0.00 | API: 0/2000
15:31:51.750 | INFO | STATUS | Session: LONDON | Trades: 0 | Win: 0.0% | P&L: $0.00 | API: 0/2000
15:33:01.123 | INFO | STATUS | Session: LONDON | Trades: 0 | Win: 0.0% | P&L: $0.00 | API: 0/2000
15:33:11.796 | INFO | STATUS | Session: LONDON | Trades: 0 | Win: 0.0% | P&L: $0.00 | API: 0/2000
15:34:21.257 | INFO | STATUS | Session: LONDON | Trades: 0 | Win: 0.0% | P&L: $0.00 | API: 0/2000
15:34:32.034 | INFO | STATUS | Session: LONDON | Trades: 0 | Win: 0.0% | P&L: $0.00 | API: 0/2000
15:35:41.845 | INFO | STATUS | Session: LONDON | Trades: 0 | Win: 0.0% | P&L: $0.00 | API: 0/2000
15:35:52.834 | INFO | STATUS | Session: LONDON | Trades: 0 | Win: 0.0% | P&L: $0.00 | API: 0/2000
15:37:02.138 | INFO | STATUS | Session: LONDON | Trades: 0 | Win: 0.0% | P&L: $0.00 | API: 0/2000
15:37:13.117 | INFO | STATUS | Session: LONDON | Trades: 0 | Win: 0.0% | P&L: $0.00 | API: 0/2000
15:38:23.817 | INFO | STATUS | Session: LONDON | Trades: 0 | Win: 0.0% | P&L: $0.00 | API: 0/2000
15:38:35.455 | INFO | STATUS | Session: LONDON | Trades: 0 | Win: 0.0% | P&L: $0.00 | API: 0/2000
15:39:46.018 | INFO | STATUS | Session: LONDON | Trades: 0 | Win: 0.0% | P&L: $0.00 | API: 0/2000
15:39:57.684 | INFO | STATUS | Session: LONDON | Trades: 0 | Win: 0.0% | P&L: $0.00 | API: 0/2000
15:41:07.044 | INFO | STATUS | Session: LONDON | Trades: 0 | Win: 0.0% | P&L: $0.00 | API: 0/2000
15:41:18.910 | INFO | STATUS | Session: LONDON | Trades: 0 | Win: 0.0% | P&L: $0.00 | API: 0/2000
15:42:27.874 | INFO | STATUS | Session: LONDON | Trades: 0 | Win: 0.0% | P&L: $0.00 | API: 0/2000
15:42:28.974 | WARNING | ⚠️ LIVE TRADING MODE - Use at your own risk!
15:42:28.974 | INFO | ============================================================
15:42:28.975 | INFO | 🚀 STRATOSPHERE BOT v2.0 - MULTI-SYMBOL
15:42:28.975 | INFO | ============================================================
15:42:28.975 | INFO | Symbols: XAUUSDm, BTCUSDm
15:42:28.975 | INFO | Mode: UNLIMITED Leverage
15:42:28.975 | INFO | Risk: 2.0% per trade
15:42:28.975 | INFO | Prediction Horizon: 30 candles
15:42:28.975 | INFO | Training Cycles: 5
15:42:28.975 | INFO | ============================================================
15:42:28.983 | INFO | MT5 Connected | Account: 269812493 | Balance: $19.69 | Leverage: 1:2000000000
15:42:28.983 | INFO | Symbols to initialize: ['BTCUSDm']
15:42:28.983 | INFO | ✅ BTCUSDm | Spread: 1800 | Min Lot: 0.01
15:42:28.984 | INFO | 📊 Initializing BTCUSDm...
15:42:29.090 | INFO | 🔥 Using BTC Microstructure ML Engine for BTCUSDm
15:42:29.091 | INFO | 🔄 Training BTC Optimized TCN+LightGBM v3.0 for BTCUSDm...
15:42:29.091 | INFO |    Horizon: 2 candles | Base Threshold: 0.55
15:42:29.091 | INFO |    Optimizations: Dynamic threshold, Vol regime, Session filter, Flat filter
15:42:39.465 | INFO | STATUS | Session: LONDON | Trades: 0 | Win: 0.0% | P&L: $0.00 | API: 0/2000
15:43:44.751 | INFO | STATUS | Session: LONDON | Trades: 0 | Win: 0.0% | P&L: $0.00 | API: 0/2000
15:43:56.159 | INFO | STATUS | Session: LONDON | Trades: 0 | Win: 0.0% | P&L: $0.00 | API: 0/2000
15:43:57.771 | INFO | ✅ BTC LightGBM Accuracy: 56.06%
15:43:57.772 | INFO | ✅ BTC TCN Accuracy: 53.98%
15:43:57.772 | INFO |    Features: 20 (orthogonal only)
15:43:57.772 | INFO |    Samples: 5544 train / 1386 val
15:43:57.779 | INFO | 💾 BTC model saved: stratosphere_models\btc_hft_BTCUSDm.pkl
15:43:57.780 | INFO | 🧠 BTC Optimized TCN+LightGBM v3.0 started
15:43:57.780 | INFO | ✅ BTCUSDm ready
15:43:57.780 | INFO | ✅ Initialization complete | 1 symbols active
15:43:57.780 | INFO | 🟢 BOT RUNNING - Waiting for signals...
15:43:58.419 | INFO | BTC | Regime: medium | Thresh: 0.58 | LGBM: 45.7% | TCN: 50.3% | Signal: HOLD | Filtered: 1/1
15:43:58.420 | INFO |      Skip reason: flat_prediction
15:45:05.019 | INFO | STATUS | Session: LONDON | Trades: 0 | Win: 0.0% | P&L: $0.00 | API: 0/2000
15:45:17.435 | INFO | STATUS | Session: LONDON | Trades: 0 | Win: 0.0% | P&L: $0.00 | API: 0/2000
15:45:18.588 | INFO | STATUS | Session: LONDON | Trades: 0 | Win: 0.0% | P&L: $0.00 | API: 0/2000
15:46:27.350 | INFO | STATUS | Session: LONDON | Trades: 0 | Win: 0.0% | P&L: $0.00 | API: 0/2000
15:46:40.263 | INFO | STATUS | Session: LONDON | Trades: 0 | Win: 0.0% | P&L: $0.00 | API: 0/2000
15:46:40.778 | INFO | STATUS | Session: LONDON | Trades: 0 | Win: 0.0% | P&L: $0.00 | API: 0/2000
15:47:49.253 | INFO | STATUS | Session: LONDON | Trades: 0 | Win: 0.0% | P&L: $0.00 | API: 0/2000
15:48:00.575 | INFO | BTC | Regime: medium | Thresh: 0.59 | LGBM: 48.5% | TCN: 49.1% | Signal: HOLD | Filtered: 181/181
15:48:00.580 | INFO |      Skip reason: flat_prediction
15:48:01.967 | INFO | STATUS | Session: LONDON | Trades: 0 | Win: 0.0% | P&L: $0.00 | API: 0/2000
15:48:02.003 | INFO | STATUS | Session: LONDON | Trades: 0 | Win: 0.0% | P&L: $0.00 | API: 0/2000
15:49:09.784 | INFO | STATUS | Session: LONDON | Trades: 0 | Win: 0.0% | P&L: $0.00 | API: 0/2000
15:49:22.060 | INFO | STATUS | Session: LONDON | Trades: 0 | Win: 0.0% | P&L: $0.00 | API: 0/2000
15:49:22.856 | INFO | STATUS | Session: LONDON | Trades: 0 | Win: 0.0% | P&L: $0.00 | API: 0/2000
15:50:30.320 | INFO | STATUS | Session: LONDON | Trades: 0 | Win: 0.0% | P&L: $0.00 | API: 0/2000
15:50:30.687 | WARNING | ⚠️ LIVE TRADING MODE - Use at your own risk!
15:50:30.687 | INFO | ============================================================
15:50:30.688 | INFO | 🚀 STRATOSPHERE BOT v2.0 - MULTI-SYMBOL
15:50:30.688 | INFO | ============================================================
15:50:30.688 | INFO | Symbols: XAUUSDm, BTCUSDm
15:50:30.688 | INFO | Mode: UNLIMITED Leverage
15:50:30.688 | INFO | Risk: 2.0% per trade
15:50:30.688 | INFO | Prediction Horizon: 30 candles
15:50:30.688 | INFO | Training Cycles: 5
15:50:30.688 | INFO | ============================================================
15:50:30.697 | INFO | MT5 Connected | Account: 269812493 | Balance: $19.69 | Leverage: 1:2000000000
15:50:30.697 | INFO | Symbols to initialize: ['BTCUSDm']
15:50:30.698 | INFO | ✅ BTCUSDm | Spread: 1800 | Min Lot: 0.01
15:50:30.698 | INFO | 📊 Initializing BTCUSDm...
15:50:30.805 | INFO | 🔥 Using BTC Microstructure ML Engine for BTCUSDm
15:50:30.806 | INFO | 🔄 Training BTC Optimized TCN+LightGBM v3.0 for BTCUSDm...
15:50:30.806 | INFO |    Horizon: 2 candles | Base Threshold: 0.55
15:50:30.806 | INFO |    Optimizations: Dynamic threshold, Vol regime, Session filter, Flat filter
15:50:41.719 | INFO | STATUS | Session: LONDON | Trades: 0 | Win: 0.0% | P&L: $0.00 | API: 0/2000
15:50:43.131 | INFO | STATUS | Session: LONDON | Trades: 0 | Win: 0.0% | P&L: $0.00 | API: 0/2000
15:51:46.517 | INFO | ✅ BTC LightGBM Accuracy: 54.83%
15:51:46.517 | INFO | ✅ BTC TCN Accuracy: 54.28%
15:51:46.518 | INFO |    Features: 20 (orthogonal only)
15:51:46.519 | INFO |    Samples: 5544 train / 1386 val
15:51:46.526 | INFO | 💾 BTC model saved: stratosphere_models\btc_hft_BTCUSDm.pkl
15:51:46.528 | INFO | 🧠 BTC Optimized TCN+LightGBM v3.0 started
15:51:46.528 | INFO | ✅ BTCUSDm ready
15:51:46.528 | INFO | ✅ Initialization complete | 1 symbols active
15:51:46.529 | INFO | 🟢 BOT RUNNING - Waiting for signals...
15:51:46.619 | INFO | STATUS | Session: LONDON | Trades: 0 | Win: 0.0% | P&L: $0.00 | API: 0/2000
15:51:47.109 | INFO | BTC | Regime: medium | Thresh: 0.60 | LGBM: 51.2% | TCN: 50.7% | Signal: HOLD | Filtered: 1/1
15:51:47.110 | INFO |      Skip reason: flat_prediction
15:51:57.674 | INFO | STATUS | Session: LONDON | Trades: 0 | Win: 0.0% | P&L: $0.00 | API: 0/2000
15:52:00.125 | INFO | STATUS | Session: LONDON | Trades: 0 | Win: 0.0% | P&L: $0.00 | API: 0/2000
15:53:07.629 | INFO | STATUS | Session: LONDON | Trades: 0 | Win: 0.0% | P&L: $0.00 | API: 0/2000
15:53:07.909 | INFO | STATUS | Session: LONDON | Trades: 0 | Win: 0.0% | P&L: $0.00 | API: 0/2000
15:53:18.425 | INFO | STATUS | Session: LONDON | Trades: 0 | Win: 0.0% | P&L: $0.00 | API: 0/2000
15:53:21.188 | INFO | STATUS | Session: LONDON | Trades: 0 | Win: 0.0% | P&L: $0.00 | API: 0/2000
15:54:28.305 | INFO | STATUS | Session: LONDON | Trades: 0 | Win: 0.0% | P&L: $0.00 | API: 0/2000
15:54:28.951 | INFO | STATUS | Session: LONDON | Trades: 0 | Win: 0.0% | P&L: $0.00 | API: 0/2000
15:54:39.144 | INFO | STATUS | Session: LONDON | Trades: 0 | Win: 0.0% | P&L: $0.00 | API: 0/2000
15:54:42.213 | INFO | STATUS | Session: LONDON | Trades: 0 | Win: 0.0% | P&L: $0.00 | API: 0/2000
15:55:49.246 | INFO | STATUS | Session: LONDON | Trades: 0 | Win: 0.0% | P&L: $0.00 | API: 0/2000
15:55:50.308 | INFO | STATUS | Session: LONDON | Trades: 0 | Win: 0.0% | P&L: $0.00 | API: 0/2000
15:56:00.167 | INFO | STATUS | Session: LONDON | Trades: 0 | Win: 0.0% | P&L: $0.00 | API: 0/2000
15:56:04.004 | INFO | STATUS | Session: LONDON | Trades: 0 | Win: 0.0% | P&L: $0.00 | API: 0/2000
15:57:10.506 | INFO | STATUS | Session: LONDON | Trades: 0 | Win: 0.0% | P&L: $0.00 | API: 0/2000
15:57:11.566 | INFO | STATUS | Session: LONDON | Trades: 0 | Win: 0.0% | P&L: $0.00 | API: 0/2000
15:57:20.995 | INFO | STATUS | Session: LONDON | Trades: 0 | Win: 0.0% | P&L: $0.00 | API: 0/2000
15:57:25.330 | INFO | STATUS | Session: LONDON | Trades: 0 | Win: 0.0% | P&L: $0.00 | API: 0/2000
15:58:31.833 | INFO | STATUS | Session: LONDON | Trades: 0 | Win: 0.0% | P&L: $0.00 | API: 0/2000
15:58:32.733 | INFO | STATUS | Session: LONDON | Trades: 0 | Win: 0.0% | P&L: $0.00 | API: 0/2000
15:58:42.200 | INFO | STATUS | Session: LONDON | Trades: 0 | Win: 0.0% | P&L: $0.00 | API: 0/2000
15:58:47.106 | INFO | STATUS | Session: LONDON | Trades: 0 | Win: 0.0% | P&L: $0.00 | API: 0/2000
15:59:52.836 | INFO | STATUS | Session: LONDON | Trades: 0 | Win: 0.0% | P&L: $0.00 | API: 0/2000
15:59:53.739 | INFO | STATUS | Session: LONDON | Trades: 0 | Win: 0.0% | P&L: $0.00 | API: 0/2000
16:00:02.999 | INFO | STATUS | Session: LONDON | Trades: 0 | Win: 0.0% | P&L: $0.00 | API: 0/2000
16:00:08.172 | INFO | STATUS | Session: LONDON | Trades: 0 | Win: 0.0% | P&L: $0.00 | API: 0/2000
16:01:12.573 | INFO | STATUS | Session: LONDON | Trades: 0 | Win: 0.0% | P&L: $0.00 | API: 0/2000
16:01:13.473 | INFO | STATUS | Session: LONDON | Trades: 0 | Win: 0.0% | P&L: $0.00 | API: 0/2000
16:01:22.264 | INFO | STATUS | Session: LONDON | Trades: 0 | Win: 0.0% | P&L: $0.00 | API: 0/2000
16:01:27.996 | INFO | STATUS | Session: LONDON | Trades: 0 | Win: 0.0% | P&L: $0.00 | API: 0/2000
16:02:43.355 | INFO | STATUS | Session: LONDON | Trades: 0 | Win: 0.0% | P&L: $0.00 | API: 0/2000
16:02:44.310 | INFO | STATUS | Session: LONDON | Trades: 0 | Win: 0.0% | P&L: $0.00 | API: 0/2000
16:02:53.426 | INFO | STATUS | Session: LONDON | Trades: 0 | Win: 0.0% | P&L: $0.00 | API: 0/2000
16:03:00.280 | INFO | STATUS | Session: LONDON | Trades: 0 | Win: 0.0% | P&L: $0.00 | API: 0/2000
16:04:09.169 | INFO | STATUS | Session: LONDON | Trades: 0 | Win: 0.0% | P&L: $0.00 | API: 0/2000
16:04:10.056 | INFO | STATUS | Session: LONDON | Trades: 0 | Win: 0.0% | P&L: $0.00 | API: 0/2000
16:04:18.655 | INFO | STATUS | Session: LONDON | Trades: 0 | Win: 0.0% | P&L: $0.00 | API: 0/2000
16:04:24.832 | INFO | STATUS | Session: LONDON | Trades: 0 | Win: 0.0% | P&L: $0.00 | API: 0/2000
