15:36:41.528 | INFO | ======================================================================
15:36:41.528 | INFO | ðŸš€ STRATOSPHERE v3.0 - SPREAD-AWARE PROFITABILITY ENGINE
15:36:41.528 | INFO | ======================================================================
15:36:41.528 | INFO | Symbols: BTCUSDm, XAUUSDm
15:36:41.528 | INFO | TCN Weight: 0.6 | LightGBM Weight: 0.4
15:36:41.528 | INFO | ======================================================================
15:36:41.538 | INFO | MT5 Connected | Account: 269812493 | Balance: $19.69
15:36:41.538 | INFO | ðŸ“Š Initializing BTCUSDm...
15:36:41.538 | INFO | âœ… BTCUSDm | Spread: 1800 | Min Lot: 0.01
15:36:41.590 | INFO | ðŸ”„ Training BTCUSDm...
16:00:48.454 | INFO | ======================================================================
16:00:48.454 | INFO | ðŸš€ STRATOSPHERE v3.0 - SPREAD-AWARE PROFITABILITY ENGINE
16:00:48.454 | INFO | ======================================================================
16:00:48.454 | INFO | Symbols: BTCUSDm
16:00:48.454 | INFO | TCN Weight: 0.6 | LightGBM Weight: 0.4
16:00:48.454 | INFO | ======================================================================
16:00:48.465 | INFO | MT5 Connected | Account: 269812493 | Balance: $19.69
16:00:48.465 | INFO | ðŸ“Š Initializing BTCUSDm...
16:00:48.465 | INFO | âœ… BTCUSDm | Spread: 1800 | Min Lot: 0.01
16:00:48.469 | INFO |    Fetched 10000 M1 candles for 5-min aggregation
16:00:48.469 | INFO | ðŸ”„ Training BTCUSDm...
16:00:48.470 | INFO |    Base: 1-min | Effective: 5-min | Horizon: 3 candles (~15 min)
16:00:48.470 | INFO |    Optimized for: Momentum & Volatility Expansion
16:00:48.474 | INFO |    Aggregated 10000 M1 candles -> 2001 M5 candles
16:01:19.729 | INFO | âœ… BTCUSDm | LightGBM: 57.27% | TCN: 54.67% | Features: 26
16:01:19.737 | INFO | ðŸ’¾ Model saved: stratosphere_v3_models\BTCUSDm_model.pkl
16:01:19.738 | INFO | âœ… BTCUSDm ready
16:01:19.738 | INFO | âœ… Initialization complete | 1 assets active
16:01:19.738 | INFO | ðŸŸ¢ ENGINE RUNNING - Waiting for signals...
16:01:19.760 | WARNING | âš ï¸ BTCUSDm PAUSED: Spread spike: 18.0000
16:02:56.076 | INFO | ==================================================
16:02:56.076 | INFO | BTCUSDm | Trades: 0 | Win: 0.0% | P&L: $0.00 | Regime: medium
16:02:56.077 | INFO | ==================================================
16:04:27.612 | INFO | ==================================================
16:04:27.612 | INFO | BTCUSDm | Trades: 0 | Win: 0.0% | P&L: $0.00 | Regime: medium
16:04:27.613 | INFO | ==================================================
16:05:29.699 | INFO | ======================================================================
16:05:29.699 | INFO | ðŸš€ STRATOSPHERE v3.0 - SPREAD-AWARE PROFITABILITY ENGINE
16:05:29.700 | INFO | ======================================================================
16:05:29.700 | INFO | Symbols: BTCUSDm
16:05:29.700 | INFO | TCN Weight: 0.6 | LightGBM Weight: 0.4
16:05:29.700 | INFO | ======================================================================
16:05:29.710 | INFO | MT5 Connected | Account: 269812493 | Balance: $19.69
16:05:29.710 | INFO | ðŸ“Š Initializing BTCUSDm...
16:05:29.711 | INFO | âœ… BTCUSDm | Spread: 1800 | Min Lot: 0.01
16:05:29.717 | INFO |    Fetched 10000 M1 candles for 5-min aggregation
16:05:29.718 | INFO | ðŸ”„ Training BTCUSDm...
16:05:29.718 | INFO |    Base: 1-min | Effective: 5-min | Horizon: 3 candles (~15 min)
16:05:29.718 | INFO |    Optimized for: Momentum & Volatility Expansion
16:05:29.722 | INFO |    Aggregated 10000 M1 candles -> 2001 M5 candles
16:05:56.554 | INFO | âœ… BTCUSDm | LightGBM: 54.85% | TCN: 52.67% | Features: 26
16:05:56.561 | INFO | ðŸ’¾ Model saved: stratosphere_v3_models\BTCUSDm_model.pkl
16:05:56.562 | INFO | âœ… BTCUSDm ready
16:05:56.562 | INFO | âœ… Initialization complete | 1 assets active
16:05:56.562 | INFO | ðŸŸ¢ ENGINE RUNNING - Waiting for signals...
16:08:05.881 | INFO | ==================================================
16:08:05.882 | INFO | BTCUSDm | Trades: 0 | Win: 0.0% | P&L: $0.00 | Regime: medium
16:08:05.883 | INFO | ==================================================
16:10:17.755 | INFO | ==================================================
16:10:17.756 | INFO | BTCUSDm | Trades: 0 | Win: 0.0% | P&L: $0.00 | Regime: medium
16:10:17.759 | INFO | ==================================================
16:12:31.045 | INFO | ==================================================
16:12:31.045 | INFO | BTCUSDm | Trades: 0 | Win: 0.0% | P&L: $0.00 | Regime: medium
16:12:31.046 | INFO | ==================================================
16:14:44.415 | INFO | ==================================================
16:14:44.415 | INFO | BTCUSDm | Trades: 0 | Win: 0.0% | P&L: $0.00 | Regime: medium
16:14:44.417 | INFO | ==================================================
16:16:59.418 | INFO | ==================================================
16:16:59.418 | INFO | BTCUSDm | Trades: 0 | Win: 0.0% | P&L: $0.00 | Regime: medium
16:16:59.419 | INFO | ==================================================
16:18:03.294 | INFO | ======================================================================
16:18:03.294 | INFO | ðŸš€ STRATOSPHERE v3.0 - SPREAD-AWARE PROFITABILITY ENGINE
16:18:03.295 | INFO | ======================================================================
16:18:03.295 | INFO | Symbols: BTCUSDm
16:18:03.295 | INFO | TCN Weight: 0.6 | LightGBM Weight: 0.4
16:18:03.295 | INFO | ======================================================================
16:18:03.305 | INFO | MT5 Connected | Account: 269812493 | Balance: $19.69
16:18:03.305 | INFO | ðŸ“Š Initializing BTCUSDm...
16:18:03.306 | INFO | âœ… BTCUSDm | Spread: 1800 | Min Lot: 0.01
16:18:03.309 | INFO |    Fetched 10000 M1 candles for 5-min aggregation
16:18:03.309 | INFO | ðŸ”„ Training BTCUSDm...
16:18:03.309 | INFO |    Base: 1-min | Effective: 5-min | Horizon: 3 candles (~15 min)
16:18:03.309 | INFO |    Optimized for: Momentum & Volatility Expansion
16:18:03.312 | INFO |    Aggregated 10000 M1 candles -> 2001 M5 candles
16:18:31.938 | INFO | âœ… BTCUSDm | LightGBM: 51.21% | TCN: 52.67% | Features: 26
16:18:31.946 | INFO | ðŸ’¾ Model saved: stratosphere_v3_models\BTCUSDm_model.pkl
16:18:31.946 | INFO | âœ… BTCUSDm ready
16:18:31.947 | INFO | âœ… Initialization complete | 1 assets active
16:18:31.947 | INFO | ðŸŸ¢ ENGINE RUNNING - Waiting for signals...
16:20:41.313 | INFO | ==================================================
16:20:41.314 | INFO | BTCUSDm | Trades: 0 | Win: 0.0% | P&L: $0.00 | Regime: medium
16:20:41.314 | INFO | ==================================================
16:22:53.169 | INFO | ==================================================
16:22:53.169 | INFO | BTCUSDm | Trades: 0 | Win: 0.0% | P&L: $0.00 | Regime: medium
16:22:53.169 | INFO | ==================================================
16:25:05.712 | INFO | ==================================================
16:25:05.712 | INFO | BTCUSDm | Trades: 0 | Win: 0.0% | P&L: $0.00 | Regime: medium
16:25:05.712 | INFO | ==================================================
16:27:22.242 | INFO | ==================================================
16:27:22.243 | INFO | BTCUSDm | Trades: 0 | Win: 0.0% | P&L: $0.00 | Regime: medium
16:27:22.243 | INFO | ==================================================
16:29:39.054 | INFO | ==================================================
16:29:39.054 | INFO | BTCUSDm | Trades: 0 | Win: 0.0% | P&L: $0.00 | Regime: medium
16:29:39.055 | INFO | ==================================================
16:31:56.753 | INFO | ==================================================
16:31:56.754 | INFO | BTCUSDm | Trades: 0 | Win: 0.0% | P&L: $0.00 | Regime: medium
16:31:56.754 | INFO | ==================================================
16:34:13.738 | INFO | ==================================================
16:34:13.739 | INFO | BTCUSDm | Trades: 0 | Win: 0.0% | P&L: $0.00 | Regime: medium
16:34:13.739 | INFO | ==================================================
16:36:28.396 | INFO | ==================================================
16:36:28.396 | INFO | BTCUSDm | Trades: 0 | Win: 0.0% | P&L: $0.00 | Regime: medium
16:36:28.397 | INFO | ==================================================
16:38:47.322 | INFO | ==================================================
16:38:47.322 | INFO | BTCUSDm | Trades: 0 | Win: 0.0% | P&L: $0.00 | Regime: medium
16:38:47.323 | INFO | ==================================================
16:41:10.860 | INFO | ==================================================
16:41:10.860 | INFO | BTCUSDm | Trades: 0 | Win: 0.0% | P&L: $0.00 | Regime: medium
16:41:10.861 | INFO | ==================================================
16:43:27.652 | INFO | ==================================================
16:43:27.652 | INFO | BTCUSDm | Trades: 0 | Win: 0.0% | P&L: $0.00 | Regime: medium
16:43:27.653 | INFO | ==================================================
16:45:48.094 | INFO | ==================================================
16:45:48.094 | INFO | BTCUSDm | Trades: 0 | Win: 0.0% | P&L: $0.00 | Regime: medium
16:45:48.095 | INFO | ==================================================
16:46:21.446 | INFO | ======================================================================
16:46:21.447 | INFO | ðŸš€ STRATOSPHERE v3.0 - SPREAD-AWARE PROFITABILITY ENGINE
16:46:21.447 | INFO | ======================================================================
16:46:21.447 | INFO | Symbols: BTCUSDm
16:46:21.447 | INFO | TCN Weight: 0.6 | LightGBM Weight: 0.4
16:46:21.447 | INFO | ======================================================================
16:46:21.457 | INFO | MT5 Connected | Account: 269812493 | Balance: $19.69
16:46:21.457 | INFO | ðŸ“Š Initializing BTCUSDm...
16:46:21.457 | INFO | âœ… BTCUSDm | Spread: 1800 | Min Lot: 0.01
16:46:21.461 | INFO |    Fetched 10000 M1 candles for 5-min aggregation
16:46:21.462 | INFO | ðŸ”„ Training BTCUSDm...
16:46:21.462 | INFO |    Base: 1-min | Effective: 5-min | Horizon: 3 candles (~15 min)
16:46:21.462 | INFO |    Optimized for: Momentum & Volatility Expansion
16:46:21.466 | INFO |    Aggregated 10000 M1 candles -> 2001 M5 candles
16:46:50.787 | INFO | âœ… BTCUSDm | LightGBM: 53.03% | TCN: 53.00% | Features: 26
16:46:50.795 | INFO | ðŸ’¾ Model saved: stratosphere_v3_models\BTCUSDm_model.pkl
16:46:50.795 | INFO | âœ… BTCUSDm ready
16:46:50.795 | INFO | âœ… Initialization complete | 1 assets active
16:46:50.795 | INFO | ðŸŸ¢ ENGINE RUNNING - Waiting for signals...
16:48:05.511 | INFO | ==================================================
16:48:05.512 | INFO | BTCUSDm | Trades: 0 | Win: 0.0% | P&L: $0.00 | Regime: medium
16:48:05.513 | INFO | ==================================================
16:49:04.572 | INFO | ==================================================
16:49:04.573 | INFO | BTCUSDm | Trades: 0 | Win: 0.0% | P&L: $0.00 | Regime: medium
16:49:04.574 | INFO | ==================================================
16:50:19.827 | INFO | ==================================================
16:50:19.828 | INFO | BTCUSDm | Trades: 0 | Win: 0.0% | P&L: $0.00 | Regime: medium
16:50:19.829 | INFO | ==================================================
16:51:17.898 | INFO | ==================================================
16:51:17.898 | INFO | BTCUSDm | Trades: 0 | Win: 0.0% | P&L: $0.00 | Regime: medium
16:51:17.899 | INFO | ==================================================
16:52:34.579 | INFO | ==================================================
16:52:34.579 | INFO | BTCUSDm | Trades: 0 | Win: 0.0% | P&L: $0.00 | Regime: medium
16:52:34.580 | INFO | ==================================================
16:53:30.416 | INFO | ==================================================
16:53:30.416 | INFO | BTCUSDm | Trades: 0 | Win: 0.0% | P&L: $0.00 | Regime: medium
16:53:30.417 | INFO | ==================================================
16:54:48.003 | INFO | ==================================================
16:54:48.003 | INFO | BTCUSDm | Trades: 0 | Win: 0.0% | P&L: $0.00 | Regime: medium
16:54:48.004 | INFO | ==================================================
16:55:42.561 | INFO | ==================================================
16:55:42.561 | INFO | BTCUSDm | Trades: 0 | Win: 0.0% | P&L: $0.00 | Regime: medium
16:55:42.562 | INFO | ==================================================
16:57:02.848 | INFO | ==================================================
16:57:02.848 | INFO | BTCUSDm | Trades: 0 | Win: 0.0% | P&L: $0.00 | Regime: medium
16:57:02.849 | INFO | ==================================================
16:57:56.163 | INFO | ==================================================
16:57:56.163 | INFO | BTCUSDm | Trades: 0 | Win: 0.0% | P&L: $0.00 | Regime: medium
16:57:56.164 | INFO | ==================================================
16:59:16.915 | INFO | ==================================================
16:59:16.915 | INFO | BTCUSDm | Trades: 0 | Win: 0.0% | P&L: $0.00 | Regime: medium
16:59:16.916 | INFO | ==================================================
17:00:08.844 | INFO | ==================================================
17:00:08.844 | INFO | BTCUSDm | Trades: 0 | Win: 0.0% | P&L: $0.00 | Regime: medium
17:00:08.845 | INFO | ==================================================
17:01:31.715 | INFO | ==================================================
17:01:31.715 | INFO | BTCUSDm | Trades: 0 | Win: 0.0% | P&L: $0.00 | Regime: medium
17:01:31.716 | INFO | ==================================================
17:02:22.143 | INFO | ==================================================
17:02:22.144 | INFO | BTCUSDm | Trades: 0 | Win: 0.0% | P&L: $0.00 | Regime: medium
17:02:22.145 | INFO | ==================================================
17:03:46.333 | INFO | ==================================================
17:03:46.334 | INFO | BTCUSDm | Trades: 0 | Win: 0.0% | P&L: $0.00 | Regime: medium
17:03:46.334 | INFO | ==================================================
17:04:35.942 | INFO | ==================================================
17:04:35.942 | INFO | BTCUSDm | Trades: 0 | Win: 0.0% | P&L: $0.00 | Regime: medium
17:04:35.943 | INFO | ==================================================
17:06:01.181 | INFO | ==================================================
17:06:01.181 | INFO | BTCUSDm | Trades: 0 | Win: 0.0% | P&L: $0.00 | Regime: medium
17:06:01.182 | INFO | ==================================================
17:06:48.830 | INFO | ==================================================
17:06:48.831 | INFO | BTCUSDm | Trades: 0 | Win: 0.0% | P&L: $0.00 | Regime: medium
17:06:48.831 | INFO | ==================================================
17:08:16.103 | INFO | ==================================================
17:08:16.104 | INFO | BTCUSDm | Trades: 0 | Win: 0.0% | P&L: $0.00 | Regime: medium
17:08:16.105 | INFO | ==================================================
17:09:03.764 | INFO | ==================================================
17:09:03.764 | INFO | BTCUSDm | Trades: 0 | Win: 0.0% | P&L: $0.00 | Regime: medium
17:09:03.765 | INFO | ==================================================
17:10:32.274 | INFO | ==================================================
17:10:32.274 | INFO | BTCUSDm | Trades: 0 | Win: 0.0% | P&L: $0.00 | Regime: medium
17:10:32.275 | INFO | ==================================================
17:11:18.492 | INFO | ==================================================
17:11:18.493 | INFO | BTCUSDm | Trades: 0 | Win: 0.0% | P&L: $0.00 | Regime: medium
17:11:18.493 | INFO | ==================================================
17:12:47.922 | INFO | ==================================================
17:12:47.922 | INFO | BTCUSDm | Trades: 0 | Win: 0.0% | P&L: $0.00 | Regime: medium
17:12:47.923 | INFO | ==================================================
17:13:32.125 | INFO | ==================================================
17:13:32.125 | INFO | BTCUSDm | Trades: 0 | Win: 0.0% | P&L: $0.00 | Regime: medium
17:13:32.126 | INFO | ==================================================
17:15:04.021 | INFO | ==================================================
17:15:04.022 | INFO | BTCUSDm | Trades: 0 | Win: 0.0% | P&L: $0.00 | Regime: medium
17:15:04.023 | INFO | ==================================================
17:15:46.746 | INFO | ==================================================
17:15:46.746 | INFO | BTCUSDm | Trades: 0 | Win: 0.0% | P&L: $0.00 | Regime: medium
17:15:46.747 | INFO | ==================================================
17:17:19.251 | INFO | ==================================================
17:17:19.252 | INFO | BTCUSDm | Trades: 0 | Win: 0.0% | P&L: $0.00 | Regime: medium
17:17:19.253 | INFO | ==================================================
17:18:00.320 | INFO | ==================================================
17:18:00.320 | INFO | BTCUSDm | Trades: 0 | Win: 0.0% | P&L: $0.00 | Regime: medium
17:18:00.321 | INFO | ==================================================
17:19:34.028 | INFO | ==================================================
17:19:34.029 | INFO | BTCUSDm | Trades: 0 | Win: 0.0% | P&L: $0.00 | Regime: medium
17:19:34.029 | INFO | ==================================================
17:20:13.839 | INFO | ==================================================
17:20:13.840 | INFO | BTCUSDm | Trades: 0 | Win: 0.0% | P&L: $0.00 | Regime: medium
17:20:13.841 | INFO | ==================================================
17:21:48.546 | INFO | ==================================================
17:21:48.546 | INFO | BTCUSDm | Trades: 0 | Win: 0.0% | P&L: $0.00 | Regime: medium
17:21:48.547 | INFO | ==================================================
17:22:27.310 | INFO | ==================================================
17:22:27.310 | INFO | BTCUSDm | Trades: 0 | Win: 0.0% | P&L: $0.00 | Regime: medium
17:22:27.311 | INFO | ==================================================
17:24:02.054 | INFO | ==================================================
17:24:02.054 | INFO | BTCUSDm | Trades: 0 | Win: 0.0% | P&L: $0.00 | Regime: medium
17:24:02.055 | INFO | ==================================================
17:24:40.127 | INFO | ==================================================
17:24:40.127 | INFO | BTCUSDm | Trades: 0 | Win: 0.0% | P&L: $0.00 | Regime: medium
17:24:40.128 | INFO | ==================================================
17:26:16.530 | INFO | ==================================================
17:26:16.531 | INFO | BTCUSDm | Trades: 0 | Win: 0.0% | P&L: $0.00 | Regime: medium
17:26:16.532 | INFO | ==================================================
17:26:54.158 | INFO | ==================================================
17:26:54.158 | INFO | BTCUSDm | Trades: 0 | Win: 0.0% | P&L: $0.00 | Regime: medium
17:26:54.159 | INFO | ==================================================
17:28:30.481 | INFO | ==================================================
17:28:30.481 | INFO | BTCUSDm | Trades: 0 | Win: 0.0% | P&L: $0.00 | Regime: medium
17:28:30.482 | INFO | ==================================================
17:29:07.646 | INFO | ==================================================
17:29:07.646 | INFO | BTCUSDm | Trades: 0 | Win: 0.0% | P&L: $0.00 | Regime: medium
17:29:07.647 | INFO | ==================================================
17:30:44.666 | INFO | ==================================================
17:30:44.666 | INFO | BTCUSDm | Trades: 0 | Win: 0.0% | P&L: $0.00 | Regime: medium
17:30:44.667 | INFO | ==================================================
17:31:21.636 | INFO | ==================================================
17:31:21.636 | INFO | BTCUSDm | Trades: 0 | Win: 0.0% | P&L: $0.00 | Regime: medium
17:31:21.638 | INFO | ==================================================
17:32:58.609 | INFO | ==================================================
17:32:58.610 | INFO | BTCUSDm | Trades: 0 | Win: 0.0% | P&L: $0.00 | Regime: medium
17:32:58.611 | INFO | ==================================================
17:33:35.164 | INFO | ==================================================
17:33:35.164 | INFO | BTCUSDm | Trades: 0 | Win: 0.0% | P&L: $0.00 | Regime: medium
17:33:35.165 | INFO | ==================================================
17:35:11.979 | INFO | ==================================================
17:35:11.979 | INFO | BTCUSDm | Trades: 0 | Win: 0.0% | P&L: $0.00 | Regime: medium
17:35:11.980 | INFO | ==================================================
17:35:47.881 | INFO | ==================================================
17:35:47.882 | INFO | BTCUSDm | Trades: 0 | Win: 0.0% | P&L: $0.00 | Regime: medium
17:35:47.882 | INFO | ==================================================
17:37:26.957 | INFO | ==================================================
17:37:26.958 | INFO | BTCUSDm | Trades: 0 | Win: 0.0% | P&L: $0.00 | Regime: medium
17:37:26.959 | INFO | ==================================================
17:38:00.280 | INFO | ==================================================
17:38:00.280 | INFO | BTCUSDm | Trades: 0 | Win: 0.0% | P&L: $0.00 | Regime: medium
17:38:00.281 | INFO | ==================================================
17:39:41.322 | INFO | ==================================================
17:39:41.322 | INFO | BTCUSDm | Trades: 0 | Win: 0.0% | P&L: $0.00 | Regime: medium
17:39:41.323 | INFO | ==================================================
17:40:12.276 | INFO | ==================================================
17:40:12.276 | INFO | BTCUSDm | Trades: 0 | Win: 0.0% | P&L: $0.00 | Regime: medium
17:40:12.277 | INFO | ==================================================
17:41:56.472 | INFO | ==================================================
17:41:56.473 | INFO | BTCUSDm | Trades: 0 | Win: 0.0% | P&L: $0.00 | Regime: medium
17:41:56.473 | INFO | ==================================================
17:42:24.811 | INFO | ==================================================
17:42:24.811 | INFO | BTCUSDm | Trades: 0 | Win: 0.0% | P&L: $0.00 | Regime: medium
17:42:24.812 | INFO | ==================================================
17:44:10.404 | INFO | ==================================================
17:44:10.405 | INFO | BTCUSDm | Trades: 0 | Win: 0.0% | P&L: $0.00 | Regime: medium
17:44:10.406 | INFO | ==================================================
17:44:36.943 | INFO | ==================================================
17:44:36.943 | INFO | BTCUSDm | Trades: 0 | Win: 0.0% | P&L: $0.00 | Regime: medium
17:44:36.944 | INFO | ==================================================
17:46:24.998 | INFO | ==================================================
17:46:24.998 | INFO | BTCUSDm | Trades: 0 | Win: 0.0% | P&L: $0.00 | Regime: medium
17:46:24.999 | INFO | ==================================================
17:46:49.320 | INFO | ==================================================
17:46:49.320 | INFO | BTCUSDm | Trades: 0 | Win: 0.0% | P&L: $0.00 | Regime: medium
17:46:49.321 | INFO | ==================================================
17:48:38.890 | INFO | ==================================================
17:48:38.890 | INFO | BTCUSDm | Trades: 0 | Win: 0.0% | P&L: $0.00 | Regime: medium
17:48:38.891 | INFO | ==================================================
17:49:02.474 | INFO | ==================================================
17:49:02.475 | INFO | BTCUSDm | Trades: 0 | Win: 0.0% | P&L: $0.00 | Regime: medium
17:49:02.475 | INFO | ==================================================
17:50:54.039 | INFO | ==================================================
17:50:54.039 | INFO | BTCUSDm | Trades: 0 | Win: 0.0% | P&L: $0.00 | Regime: medium
17:50:54.040 | INFO | ==================================================
17:51:15.436 | INFO | ==================================================
17:51:15.437 | INFO | BTCUSDm | Trades: 0 | Win: 0.0% | P&L: $0.00 | Regime: medium
17:51:15.438 | INFO | ==================================================
17:53:09.457 | INFO | ==================================================
17:53:09.457 | INFO | BTCUSDm | Trades: 0 | Win: 0.0% | P&L: $0.00 | Regime: medium
17:53:09.458 | INFO | ==================================================
17:53:28.451 | INFO | ==================================================
17:53:28.452 | INFO | BTCUSDm | Trades: 0 | Win: 0.0% | P&L: $0.00 | Regime: medium
17:53:28.453 | INFO | ==================================================
17:55:24.340 | INFO | ==================================================
17:55:24.341 | INFO | BTCUSDm | Trades: 0 | Win: 0.0% | P&L: $0.00 | Regime: medium
17:55:24.341 | INFO | ==================================================
17:55:41.326 | INFO | ==================================================
17:55:41.326 | INFO | BTCUSDm | Trades: 0 | Win: 0.0% | P&L: $0.00 | Regime: medium
17:55:41.327 | INFO | ==================================================
17:57:40.164 | INFO | ==================================================
17:57:40.164 | INFO | BTCUSDm | Trades: 0 | Win: 0.0% | P&L: $0.00 | Regime: medium
17:57:40.165 | INFO | ==================================================
17:57:55.958 | INFO | ==================================================
17:57:55.959 | INFO | BTCUSDm | Trades: 0 | Win: 0.0% | P&L: $0.00 | Regime: medium
17:57:55.960 | INFO | ==================================================
17:59:55.089 | INFO | ==================================================
17:59:55.089 | INFO | BTCUSDm | Trades: 0 | Win: 0.0% | P&L: $0.00 | Regime: medium
17:59:55.090 | INFO | ==================================================
18:00:10.090 | INFO | ==================================================
18:00:10.091 | INFO | BTCUSDm | Trades: 0 | Win: 0.0% | P&L: $0.00 | Regime: medium
18:00:10.092 | INFO | ==================================================
18:02:10.269 | INFO | ==================================================
18:02:10.270 | INFO | BTCUSDm | Trades: 0 | Win: 0.0% | P&L: $0.00 | Regime: medium
18:02:10.270 | INFO | ==================================================
18:02:24.280 | INFO | ==================================================
18:02:24.280 | INFO | BTCUSDm | Trades: 0 | Win: 0.0% | P&L: $0.00 | Regime: medium
18:02:24.281 | INFO | ==================================================
18:04:24.283 | INFO | ==================================================
18:04:24.283 | INFO | BTCUSDm | Trades: 0 | Win: 0.0% | P&L: $0.00 | Regime: medium
18:04:24.284 | INFO | ==================================================
18:04:37.097 | INFO | ==================================================
18:04:37.098 | INFO | BTCUSDm | Trades: 0 | Win: 0.0% | P&L: $0.00 | Regime: medium
18:04:37.098 | INFO | ==================================================
18:06:39.031 | INFO | ==================================================
18:06:39.031 | INFO | BTCUSDm | Trades: 0 | Win: 0.0% | P&L: $0.00 | Regime: medium
18:06:39.032 | INFO | ==================================================
18:06:50.389 | INFO | ==================================================
18:06:50.389 | INFO | BTCUSDm | Trades: 0 | Win: 0.0% | P&L: $0.00 | Regime: medium
18:06:50.390 | INFO | ==================================================
18:08:53.918 | INFO | ==================================================
18:08:53.919 | INFO | BTCUSDm | Trades: 0 | Win: 0.0% | P&L: $0.00 | Regime: medium
18:08:53.919 | INFO | ==================================================
18:09:04.907 | INFO | ==================================================
18:09:04.907 | INFO | BTCUSDm | Trades: 0 | Win: 0.0% | P&L: $0.00 | Regime: medium
18:09:04.908 | INFO | ==================================================
18:11:08.893 | INFO | ==================================================
18:11:08.894 | INFO | BTCUSDm | Trades: 0 | Win: 0.0% | P&L: $0.00 | Regime: medium
18:11:08.895 | INFO | ==================================================
18:11:18.313 | INFO | ==================================================
18:11:18.313 | INFO | BTCUSDm | Trades: 0 | Win: 0.0% | P&L: $0.00 | Regime: medium
18:11:18.314 | INFO | ==================================================
18:13:23.816 | INFO | ==================================================
18:13:23.816 | INFO | BTCUSDm | Trades: 0 | Win: 0.0% | P&L: $0.00 | Regime: medium
18:13:23.818 | INFO | ==================================================
18:13:31.903 | INFO | ==================================================
18:13:31.904 | INFO | BTCUSDm | Trades: 0 | Win: 0.0% | P&L: $0.00 | Regime: medium
18:13:31.904 | INFO | ==================================================
18:15:38.965 | INFO | ==================================================
18:15:38.966 | INFO | BTCUSDm | Trades: 0 | Win: 0.0% | P&L: $0.00 | Regime: medium
18:15:38.966 | INFO | ==================================================
18:15:45.458 | INFO | ==================================================
18:15:45.458 | INFO | BTCUSDm | Trades: 0 | Win: 0.0% | P&L: $0.00 | Regime: medium
18:15:45.459 | INFO | ==================================================
18:17:53.043 | INFO | ==================================================
18:17:53.043 | INFO | BTCUSDm | Trades: 0 | Win: 0.0% | P&L: $0.00 | Regime: medium
18:17:53.044 | INFO | ==================================================
18:17:57.923 | INFO | ==================================================
18:17:57.923 | INFO | BTCUSDm | Trades: 0 | Win: 0.0% | P&L: $0.00 | Regime: medium
18:17:57.924 | INFO | ==================================================
18:20:07.629 | INFO | ==================================================
18:20:07.629 | INFO | BTCUSDm | Trades: 0 | Win: 0.0% | P&L: $0.00 | Regime: medium
18:20:07.630 | INFO | ==================================================
18:20:10.775 | INFO | ==================================================
18:20:10.775 | INFO | BTCUSDm | Trades: 0 | Win: 0.0% | P&L: $0.00 | Regime: medium
18:20:10.776 | INFO | ==================================================
18:22:24.266 | INFO | ==================================================
18:22:24.266 | INFO | BTCUSDm | Trades: 0 | Win: 0.0% | P&L: $0.00 | Regime: medium
18:22:24.267 | INFO | ==================================================
18:22:25.666 | INFO | ==================================================
18:22:25.666 | INFO | BTCUSDm | Trades: 0 | Win: 0.0% | P&L: $0.00 | Regime: medium
18:22:25.667 | INFO | ==================================================
18:24:38.867 | INFO | ==================================================
18:24:38.867 | INFO | BTCUSDm | Trades: 0 | Win: 0.0% | P&L: $0.00 | Regime: medium
18:24:38.868 | INFO | ==================================================
18:24:38.935 | INFO | ==================================================
18:24:38.935 | INFO | BTCUSDm | Trades: 0 | Win: 0.0% | P&L: $0.00 | Regime: medium
18:24:38.936 | INFO | ==================================================
18:26:53.580 | INFO | ==================================================
18:26:53.580 | INFO | BTCUSDm | Trades: 0 | Win: 0.0% | P&L: $0.00 | Regime: medium
18:26:53.581 | INFO | ==================================================
18:26:53.907 | INFO | ==================================================
18:26:53.907 | INFO | BTCUSDm | Trades: 0 | Win: 0.0% | P&L: $0.00 | Regime: medium
18:26:53.908 | INFO | ==================================================
18:29:06.157 | INFO | ==================================================
18:29:06.157 | INFO | BTCUSDm | Trades: 0 | Win: 0.0% | P&L: $0.00 | Regime: medium
18:29:06.160 | INFO | ==================================================
18:29:08.213 | INFO | ==================================================
18:29:08.214 | INFO | BTCUSDm | Trades: 0 | Win: 0.0% | P&L: $0.00 | Regime: medium
18:29:08.215 | INFO | ==================================================
18:31:18.947 | INFO | ==================================================
18:31:18.947 | INFO | BTCUSDm | Trades: 0 | Win: 0.0% | P&L: $0.00 | Regime: medium
18:31:18.948 | INFO | ==================================================
18:31:22.212 | INFO | ==================================================
18:31:22.213 | INFO | BTCUSDm | Trades: 0 | Win: 0.0% | P&L: $0.00 | Regime: medium
18:31:22.214 | INFO | ==================================================
18:33:38.501 | INFO | ==================================================
18:33:38.501 | INFO | BTCUSDm | Trades: 0 | Win: 0.0% | P&L: $0.00 | Regime: medium
18:33:38.502 | INFO | ==================================================
18:33:42.923 | INFO | ==================================================
18:33:42.923 | INFO | BTCUSDm | Trades: 0 | Win: 0.0% | P&L: $0.00 | Regime: medium
18:33:42.924 | INFO | ==================================================
18:35:53.344 | INFO | ==================================================
18:35:53.344 | INFO | BTCUSDm | Trades: 0 | Win: 0.0% | P&L: $0.00 | Regime: medium
18:35:53.345 | INFO | ==================================================
18:35:58.652 | INFO | ==================================================
18:35:58.652 | INFO | BTCUSDm | Trades: 0 | Win: 0.0% | P&L: $0.00 | Regime: medium
18:35:58.652 | INFO | ==================================================
18:38:15.552 | INFO | ==================================================
18:38:15.552 | INFO | BTCUSDm | Trades: 0 | Win: 0.0% | P&L: $0.00 | Regime: medium
18:38:15.553 | INFO | ==================================================
18:38:22.846 | INFO | ==================================================
18:38:22.847 | INFO | BTCUSDm | Trades: 0 | Win: 0.0% | P&L: $0.00 | Regime: medium
18:38:22.847 | INFO | ==================================================
18:40:01.025 | INFO | ðŸ“Š BTCUSDm | Candles: 30 | Regime: medium (CONTRACTING) | ATR Ratio: 0.70 | Prob: 49.0% | Pass Rate: 0.0% | Agreement Entries: 0 | Trades Today: 0
18:40:39.489 | INFO | ==================================================
18:40:39.490 | INFO | BTCUSDm | Trades: 0 | Win: 0.0% | P&L: $0.00 | Regime: medium
18:40:39.491 | INFO | ==================================================
18:40:47.605 | INFO | ==================================================
18:40:47.605 | INFO | BTCUSDm | Trades: 0 | Win: 0.0% | P&L: $0.00 | Regime: medium
18:40:47.605 | INFO | ==================================================
18:43:04.680 | INFO | ==================================================
18:43:04.680 | INFO | BTCUSDm | Trades: 0 | Win: 0.0% | P&L: $0.00 | Regime: medium
18:43:04.681 | INFO | ==================================================
18:43:13.729 | INFO | ==================================================
18:43:13.729 | INFO | BTCUSDm | Trades: 0 | Win: 0.0% | P&L: $0.00 | Regime: medium
18:43:13.729 | INFO | ==================================================
18:45:25.547 | INFO | ==================================================
18:45:25.547 | INFO | BTCUSDm | Trades: 0 | Win: 0.0% | P&L: $0.00 | Regime: medium
18:45:25.548 | INFO | ==================================================
18:45:35.871 | INFO | ==================================================
18:45:35.872 | INFO | BTCUSDm | Trades: 0 | Win: 0.0% | P&L: $0.00 | Regime: medium
18:45:35.873 | INFO | ==================================================
18:47:53.859 | INFO | ==================================================
18:47:53.859 | INFO | BTCUSDm | Trades: 0 | Win: 0.0% | P&L: $0.00 | Regime: medium
18:47:53.859 | INFO | ==================================================
18:48:05.459 | INFO | ==================================================
18:48:05.460 | INFO | BTCUSDm | Trades: 0 | Win: 0.0% | P&L: $0.00 | Regime: medium
18:48:05.460 | INFO | ==================================================
18:50:09.801 | INFO | ==================================================
18:50:09.801 | INFO | BTCUSDm | Trades: 0 | Win: 0.0% | P&L: $0.00 | Regime: medium
18:50:09.801 | INFO | ==================================================
18:50:22.498 | INFO | ==================================================
18:50:22.498 | INFO | BTCUSDm | Trades: 0 | Win: 0.0% | P&L: $0.00 | Regime: medium
18:50:22.498 | INFO | ==================================================
18:51:01.004 | INFO | ======================================================================
18:51:01.004 | INFO | ðŸš€ STRATOSPHERE v3.0 - SPREAD-AWARE PROFITABILITY ENGINE
18:51:01.005 | INFO | ======================================================================
18:51:01.005 | INFO | Symbols: BTCUSDm
18:51:01.005 | INFO | TCN Weight: 0.6 | LightGBM Weight: 0.4
18:51:01.005 | INFO | ======================================================================
18:51:01.015 | INFO | MT5 Connected | Account: 269812493 | Balance: $19.11
18:51:01.015 | INFO | ðŸ“Š Initializing BTCUSDm...
18:51:01.015 | INFO | âœ… BTCUSDm | Spread: 1800 | Min Lot: 0.01
18:51:01.019 | INFO |    Fetched 10000 M1 candles for 5-min aggregation
18:51:01.019 | INFO | ðŸ”„ Training BTCUSDm...
18:51:01.020 | INFO |    Base: 1-min | Effective: 5-min | Horizon: 3 candles (~15 min)
18:51:01.020 | INFO |    Optimized for: Momentum & Volatility Expansion
18:51:01.023 | INFO |    Aggregated 10000 M1 candles -> 2001 M5 candles
18:51:26.385 | INFO | âœ… BTCUSDm | LightGBM: 50.61% | TCN: 52.00% | Features: 26
18:51:26.393 | INFO | ðŸ’¾ Model saved: stratosphere_v3_models\BTCUSDm_model.pkl
18:51:26.393 | INFO | âœ… BTCUSDm ready
18:51:26.393 | INFO | âœ… Initialization complete | 1 assets active
18:51:26.393 | INFO | ðŸŸ¢ ENGINE RUNNING - Waiting for signals...
18:53:47.656 | INFO | ==================================================
18:53:47.657 | INFO | BTCUSDm | Trades: 0 | Win: 0.0% | P&L: $0.00 | Regime: medium
18:53:47.657 | INFO | ==================================================
18:56:08.095 | INFO | ==================================================
18:56:08.095 | INFO | BTCUSDm | Trades: 0 | Win: 0.0% | P&L: $0.00 | Regime: medium
18:56:08.096 | INFO | ==================================================
18:58:30.774 | INFO | ==================================================
18:58:30.775 | INFO | BTCUSDm | Trades: 0 | Win: 0.0% | P&L: $0.00 | Regime: medium
18:58:30.776 | INFO | ==================================================
19:00:05.980 | INFO | âœ… SIGNAL | BTCUSDM | BUY | Prob: 61.0% | Threshold: 58.3% | Regime: medium | Expected: $105.20 vs Spread: $18.00
19:00:06.209 | INFO | ðŸŸ¢ OPEN | BTCUSDm | BUY 0.01 @ 90247.45 | Ticket: 864911484
19:00:06.209 | INFO | VOMS | BTCUSDm | BUY 0.01 @ 90247.45 | TP: 90427.45 | SL: 90187.45 | R:R: 3.0
19:00:06.213 | INFO | ðŸ“ˆ BTCUSDm | BUY 0.01 | Conf: 61.0% | TP: 90427.45 | SL: 90187.45 | R:R: 3.0
19:00:51.878 | INFO | ==================================================
19:00:51.878 | INFO | BTCUSDm | Trades: 0 | Win: 0.0% | P&L: $0.00 | Regime: medium
19:00:51.879 | INFO | ==================================================
19:03:09.699 | INFO | ==================================================
19:03:09.700 | INFO | BTCUSDm | Trades: 0 | Win: 0.0% | P&L: $0.00 | Regime: medium
19:03:09.701 | INFO | ==================================================
19:05:24.277 | INFO | ==================================================
19:05:24.278 | INFO | BTCUSDm | Trades: 0 | Win: 0.0% | P&L: $0.00 | Regime: medium
19:05:24.279 | INFO | ==================================================
19:07:40.205 | INFO | ==================================================
19:07:40.205 | INFO | BTCUSDm | Trades: 0 | Win: 0.0% | P&L: $0.00 | Regime: medium
19:07:40.206 | INFO | ==================================================
19:08:21.014 | INFO | ðŸ”´ CLOSE | BTCUSDm | Ticket 864911484 | Reason: TIME | P&L: $-0.03
19:09:55.674 | INFO | ==================================================
19:09:55.674 | INFO | BTCUSDm | Trades: 1 | Win: 0.0% | P&L: $-0.03 | Regime: medium
19:09:55.675 | INFO | ==================================================
19:12:10.439 | INFO | ==================================================
19:12:10.440 | INFO | BTCUSDm | Trades: 1 | Win: 0.0% | P&L: $-0.03 | Regime: medium
19:12:10.440 | INFO | ==================================================
19:14:25.359 | INFO | ==================================================
19:14:25.359 | INFO | BTCUSDm | Trades: 1 | Win: 0.0% | P&L: $-0.03 | Regime: medium
19:14:25.360 | INFO | ==================================================
19:16:43.156 | INFO | ==================================================
19:16:43.156 | INFO | BTCUSDm | Trades: 1 | Win: 0.0% | P&L: $-0.03 | Regime: medium
19:16:43.157 | INFO | ==================================================
19:18:58.302 | INFO | ==================================================
19:18:58.302 | INFO | BTCUSDm | Trades: 1 | Win: 0.0% | P&L: $-0.03 | Regime: medium
19:18:58.303 | INFO | ==================================================
19:21:14.053 | INFO | ==================================================
19:21:14.053 | INFO | BTCUSDm | Trades: 1 | Win: 0.0% | P&L: $-0.03 | Regime: medium
19:21:14.054 | INFO | ==================================================
19:23:30.311 | INFO | ==================================================
19:23:30.311 | INFO | BTCUSDm | Trades: 1 | Win: 0.0% | P&L: $-0.03 | Regime: medium
19:23:30.312 | INFO | ==================================================
